"../../../ProjectDwarf/Content/Animations/DwarfSkeleton.uasset" 0
"../../../ProjectDwarf/Content/Animations/Animations/Drink.uasset" 1
"../../../ProjectDwarf/Content/Animations/Animations/Ramener_grapin.uasset" 2
"../../../ProjectDwarf/Content/Animations/Animations/Strafe.uasset" 3
"../../../ProjectDwarf/Content/Animations/Animations/Walk.uasset" 4
"../../../ProjectDwarf/Content/Animations/Animations/Lancer_grapin.uasset" 5
"../../../ProjectDwarf/Content/Animations/Montages/Grapnel_Throw_Montage.uasset" 6
"../../../Engine/Content/BasicShapes/BasicShapeMaterial.uasset" 7
"../../../Engine/Content/Functions/Engine_MaterialFunctions01/Opacity/CameraDepthFade.uasset" 8
"../../../Engine/Content/EngineMaterials/T_Default_Material_Grid_M.uasset" 9
"../../../Engine/Content/EngineMaterials/T_Default_Material_Grid_N.uasset" 10
"../../../Engine/Content/EngineMaterials/DefaultMaterial.uasset" 11
"../../../Engine/Content/BasicShapes/Sphere.uasset" 12
"../../../ProjectDwarf/Content/Blueprints/Ball_BP.uasset" 13
"../../../Engine/Content/EditorBlueprintResources/StandardMacros.uasset" 14
"../../../ProjectDwarf/Content/Animations/Animations/Drop_gros_objet.uasset" 15
"../../../ProjectDwarf/Content/Animations/Montages/Drop_gros_objet_Montage.uasset" 16
"../../../ProjectDwarf/Content/Animations/Animations/Idle_ramassage_gros_objet.uasset" 17
"../../../ProjectDwarf/Content/Animations/Montages/Idle_ramassage_gros_objet_Montage.uasset" 18
"../../../ProjectDwarf/Content/Animations/Animations/Lancer_gros_objet.uasset" 19
"../../../ProjectDwarf/Content/Animations/Montages/Lancer_gros_objet_Montage.uasset" 20
"../../../ProjectDwarf/Content/Animations/Animations/Lancer.uasset" 21
"../../../ProjectDwarf/Content/Animations/Montages/Lancer_Montage.uasset" 22
"../../../ProjectDwarf/Content/Animations/Animations/Ramassage_gros_objet.uasset" 23
"../../../ProjectDwarf/Content/Animations/Montages/Ramassage_gros_objet_Montage.uasset" 24
"../../../ProjectDwarf/Content/Animations/Animations/Ramassage_objet.uasset" 25
"../../../ProjectDwarf/Content/Animations/Montages/Ramassage_objet_Montage.uasset" 26
"../../../ProjectDwarf/Content/Sounds/Grapnel/throw_06.uasset" 27
"../../../ProjectDwarf/Content/Animations/Animations/Attack.uasset" 28
"../../../ProjectDwarf/Content/Animations/Animations/Idle_Anim.uasset" 29
"../../../ProjectDwarf/Content/Animations/Animations/Lauch.uasset" 30
"../../../ProjectDwarf/Content/Animations/Animations/Run.uasset" 31
"../../../ProjectDwarf/Content/Animations/Animations/Run2.uasset" 32
"../../../ProjectDwarf/Content/Animations/Animations/Walk_BS.uasset" 33
"../../../ProjectDwarf/Content/Blueprints/Graplin/TargetType.uasset" 34
"../../../ProjectDwarf/Content/Blueprints/Graplin/Target_01.uasset" 35
"../../../ProjectDwarf/Content/Blueprints/Graplin/Target_02.uasset" 36
"../../../ProjectDwarf/Content/Blueprints/Graplin/TargetWidget.uasset" 37
"../../../ProjectDwarf/Content/Blueprints/Graplin/TargetComponent.uasset" 38
"../../../ProjectDwarf/Content/Blueprints/RespawnItem/ItemType_E.uasset" 39
"../../../ProjectDwarf/Content/Meshes/Textures/Tex_Weapon/Shield/Shield_lambert1_BaseColor.uasset" 40
"../../../ProjectDwarf/Content/Meshes/Textures/Tex_Weapon/Shield/Shield_lambert1_Normal.uasset" 41
"../../../ProjectDwarf/Content/Meshes/Textures/Tex_Weapon/Shield/Shield_lambert1_OcclusionRoughnessMetallic.uasset" 42
"../../../ProjectDwarf/Content/Blueprints/ShieldTex.uasset" 43
"../../../ProjectDwarf/Content/Blueprints/Shield.uasset" 44
"../../../ProjectDwarf/Content/Blueprints/Interaction/Interactibles/InteractionPickUpBase_BP.uasset" 45
"../../../ProjectDwarf/Content/Blueprints/Interaction/Interactibles/PlayerInteraction_AC.uasset" 46
"../../../ProjectDwarf/Content/UI/Y.uasset" 47
"../../../ProjectDwarf/Content/Blueprints/Interaction/Interactibles/InteractionUI_BP.uasset" 48
"../../../ProjectDwarf/Content/StarterContent/Materials/M_Basic_Wall.uasset" 49
"../../../ProjectDwarf/Content/StarterContent/Shapes/Shape_Cube.uasset" 50
"../../../ProjectDwarf/Content/Blueprints/Interaction/Interactibles/Interaction_BP.uasset" 51
"../../../ProjectDwarf/Content/Sounds/FootSteps/footstep_00.uasset" 52
"../../../ProjectDwarf/Content/Sounds/FootSteps/footstep_01.uasset" 53
"../../../ProjectDwarf/Content/Sounds/FootSteps/footstep_02.uasset" 54
"../../../ProjectDwarf/Content/Sounds/FootSteps/footstep_03.uasset" 55
"../../../ProjectDwarf/Content/Sounds/FootSteps/footstep_04.uasset" 56
"../../../ProjectDwarf/Content/Sounds/FootSteps/footstep_05.uasset" 57
"../../../ProjectDwarf/Content/Sounds/FootSteps/footstep_06.uasset" 58
"../../../ProjectDwarf/Content/Sounds/FootSteps/footstep_07.uasset" 59
"../../../ProjectDwarf/Content/Animations/DwarfAnimBlueprint.uasset" 60
"../../../ProjectDwarf/Content/Animations/Montages/Attack1Montage.uasset" 61
"../../../ProjectDwarf/Content/Blueprints/Catchable/Tools_BPL.uasset" 62
"../../../ProjectDwarf/Content/StarterContent/Shapes/Shape_Sphere.uasset" 63
"../../../ProjectDwarf/Content/Blueprints/Graplin/CableAttachEnd.uasset" 64
"../../../ProjectDwarf/Content/Blueprints/Graplin/ITargetable.uasset" 65
"../../../ProjectDwarf/Content/Meshes/Textures/Tex_Pieges/ACTIVE/Pieges_initialShadingGroup_BaseColor.uasset" 66
"../../../ProjectDwarf/Content/Meshes/Textures/Tex_Pieges/ACTIVE/Pieges_initialShadingGroup_Normal.uasset" 67
"../../../ProjectDwarf/Content/Meshes/Textures/Tex_Pieges/ACTIVE/Pieges_initialShadingGroup_OcclusionRoughnessMetallic.uasset" 68
"../../../ProjectDwarf/Content/Meshes/Materials/PiegesACTIVE.uasset" 69
"../../../ProjectDwarf/Content/Meshes/Textures/Tex_Pieges/DISABLE/Pieges_initialShadingGroup_BaseColor.uasset" 70
"../../../ProjectDwarf/Content/Meshes/Textures/Tex_Pieges/DISABLE/Pieges_initialShadingGroup_Normal.uasset" 71
"../../../ProjectDwarf/Content/Meshes/Textures/Tex_Pieges/DISABLE/Pieges_initialShadingGroup_OcclusionRoughnessMetallic.uasset" 72
"../../../ProjectDwarf/Content/Meshes/Materials/PiegesDISABLE.uasset" 73
"../../../ProjectDwarf/Content/Blueprints/Interaction/Interactibles/InteractionSwitch_BP.uasset" 74
"../../../ProjectDwarf/Content/Blueprints/Interaction/Sound_Concurrency.uasset" 75
"../../../ProjectDwarf/Content/Meshes/fbx_AssetsMap/Assets_Pieges_Base.uasset" 76
"../../../ProjectDwarf/Content/Meshes/fbx_AssetsMap/Assets_Pieges_Lever.uasset" 77
"../../../ProjectDwarf/Content/Sounds/Interactibles/lever_off.uasset" 78
"../../../ProjectDwarf/Content/Sounds/Interactibles/lever_on.uasset" 79
"../../../ProjectDwarf/Content/Blueprints/Interaction/Interactibles/Lever_BP.uasset" 80
"../../../ProjectDwarf/Content/Meshes/Textures/Tex_StoneAssets/StoneAssets_initialShadingGroup_BaseColor.uasset" 81
"../../../ProjectDwarf/Content/Meshes/Textures/Tex_StoneAssets/StoneAssets_initialShadingGroup_Normal.uasset" 82
"../../../ProjectDwarf/Content/Meshes/Textures/Tex_StoneAssets/StoneAssets_initialShadingGroup_OcclusionRoughnessMetallic.uasset" 83
"../../../ProjectDwarf/Content/Meshes/Materials/Door+Walls.uasset" 84
"../../../ProjectDwarf/Content/Meshes/fbx_AssetsMap/Assets_Wall_Door_Bridge_Arc.uasset" 85
"../../../ProjectDwarf/Content/Meshes/fbx_AssetsMap/Assets_Wall_Door_Bridge_Door.uasset" 86
"../../../ProjectDwarf/Content/Sounds/validation_door.uasset" 87
"../../../ProjectDwarf/Content/Blueprints/Interaction/ActivableDoor.uasset" 88
"../../../ProjectDwarf/Content/StarterContent/Textures/T_MacroVariation.uasset" 89
"../../../ProjectDwarf/Content/StarterContent/Textures/T_Perlin_Noise_M.uasset" 90
"../../../ProjectDwarf/Content/StarterContent/Textures/T_Rock_Slate_D.uasset" 91
"../../../ProjectDwarf/Content/StarterContent/Textures/T_Rock_Slate_N.uasset" 92
"../../../ProjectDwarf/Content/StarterContent/Materials/M_Rock_Slate.uasset" 93
"../../../ProjectDwarf/Content/Meshes/Textures/Tex_Pieges/Pieges_lambert7SG_BaseColor.uasset" 94
"../../../ProjectDwarf/Content/Meshes/Textures/Tex_Pieges/Pieges_lambert7SG_Normal.uasset" 95
"../../../ProjectDwarf/Content/Meshes/Textures/Tex_Pieges/Pieges_lambert7SG_OcclusionRoughnessMetallic.uasset" 96
"../../../ProjectDwarf/Content/Meshes/Materials/Pressure_Up.uasset" 97
"../../../ProjectDwarf/Content/Meshes/fbx_AssetsMap/Assets_Pieges_Up.uasset" 98
"../../../ProjectDwarf/Content/Sounds/Interactibles/stone_slab_pull.uasset" 99
"../../../ProjectDwarf/Content/Sounds/Interactibles/stone_slab_push.uasset" 100
"../../../ProjectDwarf/Content/Blueprints/Interaction/Pressure_plate_BP.uasset" 101
"../../../ProjectDwarf/Content/Meshes/fbx_AssetsMap/Assets_Pieges_Button.uasset" 102
"../../../ProjectDwarf/Content/Blueprints/Interaction/Hookable_Switch_BP.uasset" 103
"../../../ProjectDwarf/Content/Blueprints/Graplin/rope.uasset" 104
"../../../ProjectDwarf/Content/Blueprints/Graplin/rope_Mat.uasset" 105
"../../../ProjectDwarf/Content/StarterContent/Textures/T_Metal_Aluminum_D.uasset" 106
"../../../ProjectDwarf/Content/StarterContent/Textures/T_Metal_Gold_N.uasset" 107
"../../../ProjectDwarf/Content/StarterContent/Materials/M_Metal_Burnished_Steel.uasset" 108
"../../../ProjectDwarf/Content/Blueprints/Graplin/GraplinState.uasset" 109
"../../../ProjectDwarf/Content/Blueprints/Graplin/Meshs/Hook2.uasset" 110
"../../../ProjectDwarf/Content/Sounds/Grapnel/metal_ting.uasset" 111
"../../../Engine/Content/Functions/Engine_MaterialFunctions01/Gradient/RadialGradient.uasset" 112
"../../../ProjectDwarf/Content/StarterContent/Particles/Materials/M_Radial_Gradient.uasset" 113
"../../../ProjectDwarf/Content/StarterContent/Textures/T_Smoke_SubUV.uasset" 114
"../../../ProjectDwarf/Content/StarterContent/Textures/T_Smoke_Tiled_D.uasset" 115
"../../../ProjectDwarf/Content/StarterContent/Particles/Materials/M_smoke_subUV.uasset" 116
"../../../ProjectDwarf/Content/StarterContent/Textures/T_Spark_Core.uasset" 117
"../../../ProjectDwarf/Content/StarterContent/Particles/Materials/M_Spark.uasset" 118
"../../../ProjectDwarf/Content/StarterContent/Particles/P_Sparks.uasset" 119
"../../../ProjectDwarf/Content/Blueprints/Graplin/Grapnel_BP.uasset" 120
"../../../ProjectDwarf/Content/Meshes/Textures/Tex_Dwarf/Nain_pour_texture_Barbe_BaseColor.uasset" 121
"../../../ProjectDwarf/Content/Meshes/Textures/Tex_Dwarf/Nain_pour_texture_Barbe_Normal.uasset" 122
"../../../ProjectDwarf/Content/Meshes/Textures/Tex_Dwarf/Nain_pour_texture_Barbe_OcclusionRoughnessMetallic.uasset" 123
"../../../ProjectDwarf/Content/Animations/Materials/Barbe.uasset" 124
"../../../ProjectDwarf/Content/Meshes/Textures/Tex_Dwarf/Nain_pour_texture_Botte_BaseColor.uasset" 125
"../../../ProjectDwarf/Content/Meshes/Textures/Tex_Dwarf/Nain_pour_texture_Botte_Normal.uasset" 126
"../../../ProjectDwarf/Content/Meshes/Textures/Tex_Dwarf/Nain_pour_texture_Botte_OcclusionRoughnessMetallic.uasset" 127
"../../../ProjectDwarf/Content/Animations/Materials/Botte.uasset" 128
"../../../ProjectDwarf/Content/Meshes/Textures/Tex_Dwarf/Nain_pour_texture_Bouche_BaseColor.uasset" 129
"../../../ProjectDwarf/Content/Meshes/Textures/Tex_Dwarf/Nain_pour_texture_Bouche_Normal.uasset" 130
"../../../ProjectDwarf/Content/Meshes/Textures/Tex_Dwarf/Nain_pour_texture_Bouche_OcclusionRoughnessMetallic.uasset" 131
"../../../ProjectDwarf/Content/Animations/Materials/Bouche.uasset" 132
"../../../ProjectDwarf/Content/Meshes/Textures/Tex_Dwarf/Nain_pour_texture_Ceinture_BaseColor.uasset" 133
"../../../ProjectDwarf/Content/Meshes/Textures/Tex_Dwarf/Nain_pour_texture_Ceinture_Emissive.uasset" 134
"../../../ProjectDwarf/Content/Meshes/Textures/Tex_Dwarf/Nain_pour_texture_Ceinture_Normal.uasset" 135
"../../../ProjectDwarf/Content/Meshes/Textures/Tex_Dwarf/Nain_pour_texture_Ceinture_OcclusionRoughnessMetallic.uasset" 136
"../../../ProjectDwarf/Content/Animations/Materials/Bretelle_ceinture.uasset" 137
"../../../ProjectDwarf/Content/Meshes/Textures/Tex_Dwarf/Nain_pour_texture_Casque_BaseColor.uasset" 138
"../../../ProjectDwarf/Content/Meshes/Textures/Tex_Dwarf/Nain_pour_texture_Casque_Normal.uasset" 139
"../../../ProjectDwarf/Content/Meshes/Textures/Tex_Dwarf/Nain_pour_texture_Casque_OcclusionRoughnessMetallic.uasset" 140
"../../../ProjectDwarf/Content/Animations/Materials/Casque.uasset" 141
"../../../ProjectDwarf/Content/Meshes/Textures/Tex_Dwarf/Nain_pour_texture_Gants_BaseColor.uasset" 142
"../../../ProjectDwarf/Content/Meshes/Textures/Tex_Dwarf/Nain_pour_texture_Gants_Normal.uasset" 143
"../../../ProjectDwarf/Content/Meshes/Textures/Tex_Dwarf/Nain_pour_texture_Gants_OcclusionRoughnessMetallic.uasset" 144
"../../../ProjectDwarf/Content/Animations/Materials/Gants.uasset" 145
"../../../ProjectDwarf/Content/Meshes/Textures/Tex_Dwarf/Nain_pour_texture_Haut_BaseColor.uasset" 146
"../../../ProjectDwarf/Content/Meshes/Textures/Tex_Dwarf/Nain_pour_texture_Haut_Normal.uasset" 147
"../../../ProjectDwarf/Content/Meshes/Textures/Tex_Dwarf/Nain_pour_texture_Haut_OcclusionRoughnessMetallic.uasset" 148
"../../../ProjectDwarf/Content/Animations/Materials/Haut.uasset" 149
"../../../ProjectDwarf/Content/Meshes/Textures/Tex_Dwarf/Nain_pour_texture_Pantalon_BaseColor.uasset" 150
"../../../ProjectDwarf/Content/Meshes/Textures/Tex_Dwarf/Nain_pour_texture_Pantalon_Normal.uasset" 151
"../../../ProjectDwarf/Content/Meshes/Textures/Tex_Dwarf/Nain_pour_texture_Pantalon_OcclusionRoughnessMetallic.uasset" 152
"../../../ProjectDwarf/Content/Animations/Materials/Pantalon.uasset" 153
"../../../ProjectDwarf/Content/Meshes/Textures/Tex_Dwarf/Nain_pour_texture_Peau_BaseColor.uasset" 154
"../../../ProjectDwarf/Content/Meshes/Textures/Tex_Dwarf/Nain_pour_texture_Peau_Normal.uasset" 155
"../../../ProjectDwarf/Content/Meshes/Textures/Tex_Dwarf/Nain_pour_texture_Peau_OcclusionRoughnessMetallic.uasset" 156
"../../../ProjectDwarf/Content/Animations/Materials/Peau.uasset" 157
"../../../ProjectDwarf/Content/Animations/Dwarf_PhysicsAsset.uasset" 158
"../../../ProjectDwarf/Content/Animations/DwarfSkeletalMesh.uasset" 159
"../../../ProjectDwarf/Content/Sounds/Grapnel/throw_00.uasset" 160
"../../../ProjectDwarf/Content/Sounds/Grapnel/throw_01.uasset" 161
"../../../ProjectDwarf/Content/Sounds/Grapnel/throw_02.uasset" 162
"../../../ProjectDwarf/Content/Blueprints/Player_BP.uasset" 163
"../../../ProjectDwarf/Content/Meshes/Textures/Tex_Weapon/Weapons_BaseColor.uasset" 164
"../../../ProjectDwarf/Content/Meshes/Textures/Tex_Weapon/Weapons_Normal.uasset" 165
"../../../ProjectDwarf/Content/Meshes/Textures/Tex_Weapon/Weapons_OcclusionRoughnessMetallic.uasset" 166
"../../../ProjectDwarf/Content/Meshes/Textures/Tex_Weapon/Hache.uasset" 167
"../../../ProjectDwarf/Content/Meshes/Hache_droite_et_centre_final_2_maintenant_je_suis_sur.uasset" 168
"../../../ProjectDwarf/Content/Blueprints/Axe_BP.uasset" 169
"../../../Engine/Content/EngineMaterials/WorldGridMaterial.uasset" 170
"../../../ProjectDwarf/Content/Meshes/fbx_AssetsMap/Box_Barrel_Tex/PropsBrakable_Unfold_Barrel01_BaseColor.uasset" 171
"../../../ProjectDwarf/Content/Meshes/fbx_AssetsMap/Box_Barrel_Tex/PropsBrakable_Unfold_Barrel01_Normal.uasset" 172
"../../../ProjectDwarf/Content/Meshes/fbx_AssetsMap/Box_Barrel_Tex/PropsBrakable_Unfold_Barrel01_OcclusionRoughnessMetallic.uasset" 173
"../../../ProjectDwarf/Content/Meshes/fbx_AssetsMap/Barrel_Wood.uasset" 174
"../../../ProjectDwarf/Content/Meshes/fbx_AssetsMap/Assets_Box_Barrel_Barrel5.uasset" 175
"../../../ProjectDwarf/Content/Meshes/fbx_AssetsMap/Assets_Box_Barrel_Barrel5_DM.uasset" 176
"../../../ProjectDwarf/Content/Blueprints/BreakableBarrelBP.uasset" 177
"../../../ProjectDwarf/Content/Blueprints/Camera_BP.uasset" 178
"../../../ProjectDwarf/Content/Meshes/Textures/Tex_Dwarf/Dwarf2/Nain_pour_texture_Barbe_BaseColor.uasset" 179
"../../../ProjectDwarf/Content/Meshes/Textures/Tex_Dwarf/Dwarf2/Nain_pour_texture_Barbe_Normal.uasset" 180
"../../../ProjectDwarf/Content/Meshes/Textures/Tex_Dwarf/Dwarf2/Nain_pour_texture_Barbe_OcclusionRoughnessMetallic.uasset" 181
"../../../ProjectDwarf/Content/Animations/Materials/Dwarf2/Barbe_2.uasset" 182
"../../../ProjectDwarf/Content/Meshes/Textures/Tex_Dwarf/Dwarf2/Nain_pour_texture_Botte_BaseColor.uasset" 183
"../../../ProjectDwarf/Content/Meshes/Textures/Tex_Dwarf/Dwarf2/Nain_pour_texture_Botte_Normal.uasset" 184
"../../../ProjectDwarf/Content/Meshes/Textures/Tex_Dwarf/Dwarf2/Nain_pour_texture_Botte_OcclusionRoughnessMetallic.uasset" 185
"../../../ProjectDwarf/Content/Animations/Materials/Dwarf2/Botte_2.uasset" 186
"../../../ProjectDwarf/Content/Meshes/Textures/Tex_Dwarf/Dwarf2/Nain_pour_texture_Bouche_BaseColor.uasset" 187
"../../../ProjectDwarf/Content/Meshes/Textures/Tex_Dwarf/Dwarf2/Nain_pour_texture_Bouche_Normal.uasset" 188
"../../../ProjectDwarf/Content/Meshes/Textures/Tex_Dwarf/Dwarf2/Nain_pour_texture_Bouche_OcclusionRoughnessMetallic.uasset" 189
"../../../ProjectDwarf/Content/Animations/Materials/Dwarf2/Bouche_2.uasset" 190
"../../../ProjectDwarf/Content/Meshes/Textures/Tex_Dwarf/Dwarf2/Nain_pour_texture_Ceinture_BaseColor.uasset" 191
"../../../ProjectDwarf/Content/Meshes/Textures/Tex_Dwarf/Dwarf2/Nain_pour_texture_Ceinture_Emissive.uasset" 192
"../../../ProjectDwarf/Content/Meshes/Textures/Tex_Dwarf/Dwarf2/Nain_pour_texture_Ceinture_Normal.uasset" 193
"../../../ProjectDwarf/Content/Meshes/Textures/Tex_Dwarf/Dwarf2/Nain_pour_texture_Ceinture_OcclusionRoughnessMetallic.uasset" 194
"../../../ProjectDwarf/Content/Animations/Materials/Dwarf2/Bretelle_ceinture_2.uasset" 195
"../../../ProjectDwarf/Content/Meshes/Textures/Tex_Dwarf/Dwarf2/Nain_pour_texture_Casque_BaseColor.uasset" 196
"../../../ProjectDwarf/Content/Meshes/Textures/Tex_Dwarf/Dwarf2/Nain_pour_texture_Casque_Normal.uasset" 197
"../../../ProjectDwarf/Content/Meshes/Textures/Tex_Dwarf/Dwarf2/Nain_pour_texture_Casque_OcclusionRoughnessMetallic.uasset" 198
"../../../ProjectDwarf/Content/Animations/Materials/Dwarf2/Casque_2.uasset" 199
"../../../ProjectDwarf/Content/Meshes/Textures/Tex_Dwarf/Dwarf2/Nain_pour_texture_Gants_BaseColor.uasset" 200
"../../../ProjectDwarf/Content/Meshes/Textures/Tex_Dwarf/Dwarf2/Nain_pour_texture_Gants_Normal.uasset" 201
"../../../ProjectDwarf/Content/Meshes/Textures/Tex_Dwarf/Dwarf2/Nain_pour_texture_Gants_OcclusionRoughnessMetallic.uasset" 202
"../../../ProjectDwarf/Content/Animations/Materials/Dwarf2/Gants_2.uasset" 203
"../../../ProjectDwarf/Content/Meshes/Textures/Tex_Dwarf/Dwarf2/Nain_pour_texture_Haut_BaseColor.uasset" 204
"../../../ProjectDwarf/Content/Meshes/Textures/Tex_Dwarf/Dwarf2/Nain_pour_texture_Haut_Normal.uasset" 205
"../../../ProjectDwarf/Content/Meshes/Textures/Tex_Dwarf/Dwarf2/Nain_pour_texture_Haut_OcclusionRoughnessMetallic.uasset" 206
"../../../ProjectDwarf/Content/Animations/Materials/Dwarf2/Haut_2.uasset" 207
"../../../ProjectDwarf/Content/Meshes/Textures/Tex_Dwarf/Dwarf2/Nain_pour_texture_Pantalon_BaseColor.uasset" 208
"../../../ProjectDwarf/Content/Meshes/Textures/Tex_Dwarf/Dwarf2/Nain_pour_texture_Pantalon_Normal.uasset" 209
"../../../ProjectDwarf/Content/Meshes/Textures/Tex_Dwarf/Dwarf2/Nain_pour_texture_Pantalon_OcclusionRoughnessMetallic.uasset" 210
"../../../ProjectDwarf/Content/Animations/Materials/Dwarf2/Pantalon_2.uasset" 211
"../../../ProjectDwarf/Content/Meshes/Textures/Tex_Dwarf/Dwarf2/Nain_pour_texture_Peau_BaseColor.uasset" 212
"../../../ProjectDwarf/Content/Meshes/Textures/Tex_Dwarf/Dwarf2/Nain_pour_texture_Peau_Normal.uasset" 213
"../../../ProjectDwarf/Content/Meshes/Textures/Tex_Dwarf/Dwarf2/Nain_pour_texture_Peau_OcclusionRoughnessMetallic.uasset" 214
"../../../ProjectDwarf/Content/Animations/Materials/Dwarf2/Peau_2.uasset" 215
"../../../ProjectDwarf/Content/Animations/DwarfSkeletalMesh1.uasset" 216
"../../../ProjectDwarf/Content/UI/heart.uasset" 217
"../../../ProjectDwarf/Content/UI/HeartWidget.uasset" 218
"../../../ProjectDwarf/Content/UI/Players_Life_BP.uasset" 219
"../../../ProjectDwarf/Content/Blueprints/GameMode_BP.uasset" 220
"../../../ProjectDwarf/Content/Meshes/fbx_Collectibles/Textures/BeerTorch_Chope_BaseColor.uasset" 221
"../../../ProjectDwarf/Content/Meshes/fbx_Collectibles/Textures/BeerTorch_Chope_Normal.uasset" 222
"../../../ProjectDwarf/Content/Meshes/fbx_Collectibles/Textures/BeerTorch_Chope_OcclusionRoughnessMetallic.uasset" 223
"../../../ProjectDwarf/Content/Meshes/fbx_Collectibles/Textures/Base_Chope.uasset" 224
"../../../ProjectDwarf/Content/Meshes/fbx_Collectibles/BeerTorch_Chope1.uasset" 225
"../../../ProjectDwarf/Content/Meshes/fbx_Collectibles/Textures/BeerTorch_Moss_BaseColor.uasset" 226
"../../../ProjectDwarf/Content/Meshes/fbx_Collectibles/Textures/BeerTorch_Moss_Normal.uasset" 227
"../../../ProjectDwarf/Content/Meshes/fbx_Collectibles/Textures/BeerTorch_Moss_OcclusionRoughnessMetallic.uasset" 228
"../../../ProjectDwarf/Content/Meshes/fbx_Collectibles/Textures/MossTEX.uasset" 229
"../../../ProjectDwarf/Content/Meshes/fbx_Collectibles/BeerTorch_Moss1.uasset" 230
"../../../ProjectDwarf/Content/Blueprints/Healing.uasset" 231
"../../../ProjectDwarf/Content/Meshes/fbx_AssetsMap/Assets_Pieges_Spikes.uasset" 232
"../../../ProjectDwarf/Content/Blueprints/Spikes.uasset" 233
"../../../Engine/Content/MapTemplates/TilingNoise05.uasset" 234
"../../../ProjectDwarf/Content/Blueprints/AI/Nolan/Materials/Textures/Snow_N_T.uasset" 235
"../../../ProjectDwarf/Content/StarterContent/Textures/T_Water_N.uasset" 236
"../../../ProjectDwarf/Content/Blueprints/AI/Nolan/Materials/M_Ice1.uasset" 237
"../../../ProjectDwarf/Content/Blueprints/AI/Nolan/Materials/blah.uasset" 238
"../../../ProjectDwarf/Content/Blueprints/AI/Nolan/Materials/M_Ice.uasset" 239
"../../../ProjectDwarf/Content/Blueprints/AI/Nolan/Materials/M_Ice_Ground.uasset" 240
"../../../ProjectDwarf/Content/Blueprints/AI/Nolan/Materials/M_Ice_Object.uasset" 241
"../../../ProjectDwarf/Content/Blueprints/AI/Nolan/Materials/Textures/Rock_N_T.uasset" 242
"../../../ProjectDwarf/Content/Blueprints/AI/Tasks/Decorator_CheckPlayerID.uasset" 243
"../../../ProjectDwarf/Content/Blueprints/AI/AIBlackBoard.uasset" 244
"../../../ProjectDwarf/Content/Blueprints/AI/Tasks/Service_AgroCheck.uasset" 245
"../../../ProjectDwarf/Content/Blueprints/AI/Tasks/Task_Attack.uasset" 246
"../../../ProjectDwarf/Content/Blueprints/AI/Tasks/Task_ClearPlayerFocus.uasset" 247
"../../../Engine/Content/Functions/Engine_MaterialFunctions02/Utility/BlendAngleCorrectedNormals.uasset" 248
"../../../ProjectDwarf/Content/StarterContent/Textures/T_Tech_Hex_Tile_M.uasset" 249
"../../../ProjectDwarf/Content/StarterContent/Textures/T_Tech_Hex_Tile_N.uasset" 250
"../../../ProjectDwarf/Content/StarterContent/Materials/M_Tech_Hex_Tile.uasset" 251
"../../../ProjectDwarf/Content/Blueprints/AI/Ennemi/lambert1.uasset" 252
"../../../ProjectDwarf/Content/Blueprints/AI/Ennemi/Mesh_PhysicsAsset.uasset" 253
"../../../ProjectDwarf/Content/Blueprints/AI/Ennemi/Mesh_Skeleton.uasset" 254
"../../../ProjectDwarf/Content/Blueprints/AI/Ennemi/Mesh.uasset" 255
"../../../ProjectDwarf/Content/Blueprints/AI/AI_BP.uasset" 256
"../../../ProjectDwarf/Content/Blueprints/AI/Tasks/Task_MakeARound.uasset" 257
"../../../ProjectDwarf/Content/Blueprints/AI/Tasks/Task_SetPlayerFocus.uasset" 258
"../../../ProjectDwarf/Content/Blueprints/AI/Tasks/Task_SetSpeed.uasset" 259
"../../../ProjectDwarf/Content/Blueprints/AI/AI_BT.uasset" 260
"../../../ProjectDwarf/Content/Blueprints/AI/AI_Controller.uasset" 261
"../../../ProjectDwarf/Content/Blueprints/AI/Tasks/Decorator_CloseEnough.uasset" 262
"../../../ProjectDwarf/Content/Blueprints/AI/Tasks/Service_CheckPlayerID.uasset" 263
"../../../ProjectDwarf/Content/Blueprints/AI/Tasks/Task_FindRandomLocation.uasset" 264
"../../../ProjectDwarf/Content/Blueprints/AI/Tasks/Task_RapidMoveTo.uasset" 265
"../../../ProjectDwarf/Content/StarterContent/Textures/T_TableRound_M.uasset" 266
"../../../ProjectDwarf/Content/StarterContent/Textures/T_TableRound_N.uasset" 267
"../../../ProjectDwarf/Content/StarterContent/Props/Materials/M_TableRound.uasset" 268
"../../../ProjectDwarf/Content/Blueprints/Catchable/SM_TableRound.uasset" 269
"../../../ProjectDwarf/Content/Blueprints/Catchable/Catchable2.uasset" 270
"../../../ProjectDwarf/Content/StarterContent/Textures/T_Detail_Rocky_N.uasset" 271
"../../../ProjectDwarf/Content/StarterContent/Textures/T_Rock_Basalt_D.uasset" 272
"../../../ProjectDwarf/Content/StarterContent/Textures/T_RockMesh_M.uasset" 273
"../../../ProjectDwarf/Content/StarterContent/Textures/T_RockMesh_N.uasset" 274
"../../../ProjectDwarf/Content/StarterContent/Props/Materials/M_Rock.uasset" 275
"../../../ProjectDwarf/Content/Blueprints/Catchable/SM_Rock.uasset" 276
"../../../ProjectDwarf/Content/Blueprints/Catchable/Catchable3.uasset" 277
"../../../ProjectDwarf/Content/StarterContent/Shapes/Shape_Cone.uasset" 278
"../../../ProjectDwarf/Content/Blueprints/Catchable/Target_UI_BP.uasset" 279
"../../../ProjectDwarf/Content/StarterContent/Materials/M_Metal_Brushed_Nickel.uasset" 280
"../../../ProjectDwarf/Content/Blueprints/Graplin/Meshs/lambert2.uasset" 281
"../../../ProjectDwarf/Content/Blueprints/Graplin/Meshs/Hook.uasset" 282
"../../../ProjectDwarf/Content/Blueprints/Graplin/GraplinHook.uasset" 283
"../../../ProjectDwarf/Content/Blueprints/Graplin/Graplin_BP.uasset" 284
"../../../ProjectDwarf/Content/Blueprints/Graplin/AimingComponent.uasset" 285
"../../../ProjectDwarf/Content/Blueprints/Graplin/lambert1.uasset" 286
"../../../ProjectDwarf/Content/Blueprints/Graplin/GrapplingHook_Hook.uasset" 287
"../../../ProjectDwarf/Content/Blueprints/Graplin/GrapplingHook_HookHandle.uasset" 288
"../../../ProjectDwarf/Content/Blueprints/Graplin/Hookable.uasset" 289
"../../../ProjectDwarf/Content/Meshes/AssetsProps/lambert6.uasset" 290
"../../../ProjectDwarf/Content/Blueprints/Graplin/Hookable_point.uasset" 291
"../../../ProjectDwarf/Content/Blueprints/Graplin/IHookable.uasset" 292
"../../../ProjectDwarf/Content/Blueprints/Graplin/Target01.uasset" 293
"../../../ProjectDwarf/Content/Blueprints/Graplin/Target02.uasset" 294
"../../../ProjectDwarf/Content/Blueprints/Graplin/TargetFeedBack_BP.uasset" 295
"../../../ProjectDwarf/Content/Blueprints/Interaction/Interactibles/ButtonSwitch_BP.uasset" 296
"../../../ProjectDwarf/Content/Blueprints/Skybox/Back.uasset" 297
"../../../ProjectDwarf/Content/Blueprints/Skybox/Down.uasset" 298
"../../../ProjectDwarf/Content/Blueprints/Skybox/Front.uasset" 299
"../../../ProjectDwarf/Content/Blueprints/Skybox/Left.uasset" 300
"../../../ProjectDwarf/Content/Blueprints/Skybox/Right.uasset" 301
"../../../ProjectDwarf/Content/Blueprints/Skybox/Up.uasset" 302
"../../../ProjectDwarf/Content/Blueprints/Structs/DialogueTree.uasset" 303
"../../../ProjectDwarf/Content/Mannequin/Character/Mesh/UE4_Mannequin_Skeleton.uasset" 304
"../../../ProjectDwarf/Content/Mannequin/Animations/ThirdPersonJump_End.uasset" 305
"../../../ProjectDwarf/Content/Mannequin/Animations/ThirdPerson_Jump.uasset" 306
"../../../ProjectDwarf/Content/Mannequin/Animations/ThirdPersonJump_Loop.uasset" 307
"../../../ProjectDwarf/Content/Mannequin/Animations/ThirdPersonJump_Start.uasset" 308
"../../../ProjectDwarf/Content/Mannequin/Animations/ThirdPersonIdle.uasset" 309
"../../../ProjectDwarf/Content/Mannequin/Animations/ThirdPersonRun.uasset" 310
"../../../ProjectDwarf/Content/Mannequin/Animations/ThirdPersonWalk.uasset" 311
"../../../ProjectDwarf/Content/Mannequin/Animations/ThirdPerson_IdleRun_2D.uasset" 312
"../../../ProjectDwarf/Content/Mannequin/Animations/ThirdPerson_AnimBP.uasset" 313
"../../../ProjectDwarf/Content/Meshes/initialShadingGroup1.uasset" 314
"../../../ProjectDwarf/Content/Meshes/Hache.uasset" 315
"../../../ProjectDwarf/Content/Meshes/Hache_2.uasset" 316
"../../../ProjectDwarf/Content/Meshes/polySurface_axe2Mat.uasset" 317
"../../../ProjectDwarf/Content/Meshes/Hache_droite_et_centree.uasset" 318
"../../../ProjectDwarf/Content/Meshes/Haut.uasset" 319
"../../../ProjectDwarf/Content/Meshes/Hache_test.uasset" 320
"../../../ProjectDwarf/Content/Meshes/fbx_AssetsMap/LampCampFire_Tex/Lamp+Campfire_PostCampfire_BaseColor.uasset" 321
"../../../ProjectDwarf/Content/Meshes/fbx_AssetsMap/LampCampFire_Tex/Lamp+Campfire_PostCampfire_Normal.uasset" 322
"../../../ProjectDwarf/Content/Meshes/fbx_AssetsMap/LampCampFire_Tex/Lamp+Campfire_PostCampfire_OcclusionRoughnessMetallic.uasset" 323
"../../../ProjectDwarf/Content/Meshes/fbx_AssetsMap/LampCampFireMesh/lambert1.uasset" 324
"../../../ProjectDwarf/Content/Meshes/fbx_AssetsMap/LampCampFireMesh/Post_Campfire_Lamp.uasset" 325
"../../../ProjectDwarf/Content/Meshes/fbx_AssetsMap/LampCampFireMesh/Post_Campfire_Post.uasset" 326
"../../../ProjectDwarf/Content/Meshes/LampBP.uasset" 327
"../../../ProjectDwarf/Content/Meshes/Sol.uasset" 328
"../../../ProjectDwarf/Content/Meshes/Zone1_Mesh.uasset" 329
"../../../ProjectDwarf/Content/Meshes/AssetsProps/lambert1.uasset" 330
"../../../ProjectDwarf/Content/Meshes/AssetsProps/lambert10.uasset" 331
"../../../ProjectDwarf/Content/Meshes/AssetsProps/lambert11.uasset" 332
"../../../ProjectDwarf/Content/Meshes/AssetsProps/lambert13.uasset" 333
"../../../ProjectDwarf/Content/Meshes/AssetsProps/lambert5.uasset" 334
"../../../ProjectDwarf/Content/Meshes/AssetsProps/Block_out_map.uasset" 335
"../../../ProjectDwarf/Content/Meshes/AssetsProps/fbx_EnvProps/lambert2.uasset" 336
"../../../ProjectDwarf/Content/Meshes/AssetsProps/fbx_EnvProps/asset_Barrel_Down.uasset" 337
"../../../ProjectDwarf/Content/Meshes/AssetsProps/fbx_EnvProps/lambert4.uasset" 338
"../../../ProjectDwarf/Content/Meshes/AssetsProps/fbx_EnvProps/asset_Barrel_PipeDown.uasset" 339
"../../../ProjectDwarf/Content/Meshes/AssetsProps/fbx_EnvProps/asset_Barrel_PipeUp.uasset" 340
"../../../ProjectDwarf/Content/Meshes/AssetsProps/fbx_EnvProps/asset_Barrel_Plan09.uasset" 341
"../../../ProjectDwarf/Content/Meshes/AssetsProps/fbx_EnvProps/asset_Barrel_Plank01.uasset" 342
"../../../ProjectDwarf/Content/Meshes/AssetsProps/fbx_EnvProps/asset_Barrel_Plank02.uasset" 343
"../../../ProjectDwarf/Content/Meshes/AssetsProps/fbx_EnvProps/asset_Barrel_Plank03.uasset" 344
"../../../ProjectDwarf/Content/Meshes/AssetsProps/fbx_EnvProps/asset_Barrel_Plank04.uasset" 345
"../../../ProjectDwarf/Content/Meshes/AssetsProps/fbx_EnvProps/asset_Barrel_Plank05.uasset" 346
"../../../ProjectDwarf/Content/Meshes/AssetsProps/fbx_EnvProps/asset_Barrel_Plank06.uasset" 347
"../../../ProjectDwarf/Content/Meshes/AssetsProps/fbx_EnvProps/asset_Barrel_Plank07.uasset" 348
"../../../ProjectDwarf/Content/Meshes/AssetsProps/fbx_EnvProps/asset_Barrel_Plank08.uasset" 349
"../../../ProjectDwarf/Content/Meshes/AssetsProps/fbx_EnvProps/asset_Barrel_Up.uasset" 350
"../../../ProjectDwarf/Content/Meshes/AssetsProps/fbx_EnvProps/asset_Campfire_pCube5.uasset" 351
"../../../ProjectDwarf/Content/Meshes/AssetsProps/fbx_EnvProps/asset_Campfire_pCube6.uasset" 352
"../../../ProjectDwarf/Content/Meshes/AssetsProps/fbx_EnvProps/asset_Campfire_pCube7.uasset" 353
"../../../ProjectDwarf/Content/Meshes/AssetsProps/fbx_EnvProps/asset_Campfire_pCube8.uasset" 354
"../../../ProjectDwarf/Content/Meshes/AssetsProps/fbx_EnvProps/asset_Campfire_pCylinder2.uasset" 355
"../../../ProjectDwarf/Content/Meshes/AssetsProps/fbx_EnvProps/asset_Campfire_pCylinder3.uasset" 356
"../../../ProjectDwarf/Content/Meshes/AssetsProps/fbx_EnvProps/asset_Campfire_pCylinder4.uasset" 357
"../../../ProjectDwarf/Content/Meshes/AssetsProps/fbx_EnvProps/asset_Campfire_pCylinder5.uasset" 358
"../../../ProjectDwarf/Content/Meshes/AssetsProps/fbx_EnvProps/asset_Campfire_pCylinder6.uasset" 359
"../../../ProjectDwarf/Content/Meshes/AssetsProps/fbx_EnvProps/asset_Campfire_pCylinder7.uasset" 360
"../../../ProjectDwarf/Content/Meshes/AssetsProps/fbx_EnvProps/asset_Campfire_pCylinder8.uasset" 361
"../../../ProjectDwarf/Content/Meshes/AssetsProps/fbx_EnvProps/asset_Campfire_pCylinder9.uasset" 362
"../../../ProjectDwarf/Content/Meshes/AssetsProps/fbx_EnvProps/asset_deadtrunks_01.uasset" 363
"../../../ProjectDwarf/Content/Meshes/AssetsProps/fbx_EnvProps/asset_deadtrunks_02.uasset" 364
"../../../ProjectDwarf/Content/Meshes/AssetsProps/fbx_EnvProps/asset_deadtrunks_03.uasset" 365
"../../../ProjectDwarf/Content/Meshes/AssetsProps/fbx_EnvProps/lambert5.uasset" 366
"../../../ProjectDwarf/Content/Meshes/AssetsProps/fbx_EnvProps/asset_smallbush_01_pCone18.uasset" 367
"../../../ProjectDwarf/Content/Meshes/AssetsProps/fbx_EnvProps/asset_smallbush_01_pCone19.uasset" 368
"../../../ProjectDwarf/Content/Meshes/AssetsProps/fbx_EnvProps/asset_smallbush_01_pCylinder1.uasset" 369
"../../../ProjectDwarf/Content/Meshes/AssetsProps/fbx_EnvProps/asset_smallbush_02_pCylinder1.uasset" 370
"../../../ProjectDwarf/Content/Meshes/AssetsProps/fbx_EnvProps/asset_smallbush_02_pSphere1.uasset" 371
"../../../ProjectDwarf/Content/Meshes/AssetsProps/fbx_EnvProps/asset_smallbush_03_pCylinder1.uasset" 372
"../../../ProjectDwarf/Content/Meshes/AssetsProps/fbx_EnvProps/asset_smallbush_03_pSphere1.uasset" 373
"../../../ProjectDwarf/Content/Meshes/AssetsProps/fbx_rock/lambert4.uasset" 374
"../../../ProjectDwarf/Content/Meshes/AssetsProps/fbx_rock/asset_Rock_01.uasset" 375
"../../../ProjectDwarf/Content/Meshes/AssetsProps/fbx_rock/asset_Rock_02.uasset" 376
"../../../ProjectDwarf/Content/Meshes/AssetsProps/fbx_rock/asset_Rock_03.uasset" 377
"../../../ProjectDwarf/Content/Meshes/AssetsProps/fbx_rock/asset_Rock_04.uasset" 378
"../../../ProjectDwarf/Content/Meshes/AssetsProps/fbx_rock/asset_Rock_05.uasset" 379
"../../../ProjectDwarf/Content/Meshes/AssetsProps/fbx_rock/asset_Rock_06.uasset" 380
"../../../ProjectDwarf/Content/Meshes/AssetsProps/fbx_tree/lambert2.uasset" 381
"../../../ProjectDwarf/Content/Meshes/AssetsProps/fbx_tree/lambert3.uasset" 382
"../../../ProjectDwarf/Content/Meshes/AssetsProps/fbx_tree/asset_BigTree_01.uasset" 383
"../../../ProjectDwarf/Content/Meshes/AssetsProps/fbx_tree/asset_BigTree_02.uasset" 384
"../../../ProjectDwarf/Content/Meshes/AssetsProps/fbx_tree/asset_BigTree_03.uasset" 385
"../../../ProjectDwarf/Content/Meshes/AssetsProps/fbx_tree/asset_BigTree_04.uasset" 386
"../../../ProjectDwarf/Content/Meshes/AssetsProps/fbx_tree/asset_BigTree_05.uasset" 387
"../../../ProjectDwarf/Content/Meshes/fbx_AssetsMap/Box_Barrel_Tex/PropsBrakable_Unfold_Box_BaseColor.uasset" 388
"../../../ProjectDwarf/Content/Meshes/fbx_AssetsMap/Box_Barrel_Tex/PropsBrakable_Unfold_Box_Normal.uasset" 389
"../../../ProjectDwarf/Content/Meshes/fbx_AssetsMap/Box_Barrel_Tex/PropsBrakable_Unfold_Box_OcclusionRoughnessMetallic.uasset" 390
"../../../ProjectDwarf/Content/Meshes/fbx_AssetsMap/Box_Wood.uasset" 391
"../../../ProjectDwarf/Content/Meshes/fbx_AssetsMap/Assets_Box_Barrel_Box1.uasset" 392
"../../../ProjectDwarf/Content/Meshes/fbx_AssetsMap/Assets_Box_Barrel_Box1_DM.uasset" 393
"../../../ProjectDwarf/Content/Meshes/Textures/Tex_Pieges/Pieges_lambert6SG_BaseColor.uasset" 394
"../../../ProjectDwarf/Content/Meshes/Textures/Tex_Pieges/Pieges_lambert6SG_Normal.uasset" 395
"../../../ProjectDwarf/Content/Meshes/Textures/Tex_Pieges/Pieges_lambert6SG_OcclusionRoughnessMetallic.uasset" 396
"../../../ProjectDwarf/Content/Meshes/Materials/Pressure_Down.uasset" 397
"../../../ProjectDwarf/Content/Meshes/fbx_AssetsMap/Assets_Pieges_Down.uasset" 398
"../../../ProjectDwarf/Content/Meshes/fbx_AssetsMap/Chest/Chest_Low_initialShadingGroup_BaseColor.uasset" 399
"../../../ProjectDwarf/Content/Meshes/fbx_AssetsMap/Chest/Chest_Low_initialShadingGroup_Normal.uasset" 400
"../../../ProjectDwarf/Content/Meshes/fbx_AssetsMap/Chest/Chest_Low_initialShadingGroup_OcclusionRoughnessMetallic.uasset" 401
"../../../ProjectDwarf/Content/Meshes/fbx_AssetsMap/Chest/lambert1.uasset" 402
"../../../ProjectDwarf/Content/Meshes/fbx_AssetsMap/Chest/Chest_Down.uasset" 403
"../../../ProjectDwarf/Content/Meshes/fbx_AssetsMap/Chest/Chest_Up.uasset" 404
"../../../ProjectDwarf/Content/Meshes/fbx_AssetsMap/DeadTruncks/DeadTrunks_DeadTrunks_BaseColor.uasset" 405
"../../../ProjectDwarf/Content/Meshes/fbx_AssetsMap/DeadTruncks/DeadTrunks_DeadTrunks_Normal.uasset" 406
"../../../ProjectDwarf/Content/Meshes/fbx_AssetsMap/DeadTruncks/DeadTrunks_DeadTrunks_OcclusionRoughnessMetallic.uasset" 407
"../../../ProjectDwarf/Content/Meshes/fbx_AssetsMap/DeadTruncks/Tree_Wood.uasset" 408
"../../../ProjectDwarf/Content/Meshes/fbx_AssetsMap/DeadTruncks/DeadTrunks_Souche_01.uasset" 409
"../../../ProjectDwarf/Content/Meshes/fbx_AssetsMap/DeadTrunks/DeadTrunks_DeadTrunks_BaseColor.uasset" 410
"../../../ProjectDwarf/Content/Meshes/fbx_AssetsMap/DeadTrunks/DeadTrunks_DeadTrunks_Normal.uasset" 411
"../../../ProjectDwarf/Content/Meshes/fbx_AssetsMap/DeadTrunks/DeadTrunks_DeadTrunks_OcclusionRoughnessMetallic.uasset" 412
"../../../ProjectDwarf/Content/Meshes/fbx_AssetsMap/DeadTrunks/Tree_Wood.uasset" 413
"../../../ProjectDwarf/Content/Meshes/fbx_AssetsMap/DeadTrunks/DeadTrunks_Dead_Trunc02.uasset" 414
"../../../ProjectDwarf/Content/Meshes/fbx_AssetsMap/DeadTrunks/DeadTrunks_Dead_Trunc03.uasset" 415
"../../../ProjectDwarf/Content/Meshes/fbx_AssetsMap/DeadTrunks/DeadTrunks_Souche_02.uasset" 416
"../../../ProjectDwarf/Content/Meshes/fbx_AssetsMap/MapMaya/lambert1.uasset" 417
"../../../ProjectDwarf/Content/Meshes/fbx_AssetsMap/MapMaya/Test_map_pCube101.uasset" 418
"../../../ProjectDwarf/Content/Meshes/fbx_AssetsMap/MapMaya/Test_map_pCube102.uasset" 419
"../../../ProjectDwarf/Content/Meshes/fbx_AssetsMap/MapMaya/Test_map_pCube103.uasset" 420
"../../../ProjectDwarf/Content/Meshes/fbx_AssetsMap/MapMaya/Test_map_pCube104.uasset" 421
"../../../ProjectDwarf/Content/Meshes/fbx_AssetsMap/MapMaya/Test_map_pCube105.uasset" 422
"../../../ProjectDwarf/Content/Meshes/fbx_AssetsMap/MapMaya/Test_map_pCube106.uasset" 423
"../../../ProjectDwarf/Content/Meshes/fbx_AssetsMap/MapMaya/Test_map_pCube107.uasset" 424
"../../../ProjectDwarf/Content/Meshes/fbx_AssetsMap/MapMaya/Test_map_pCube108.uasset" 425
"../../../ProjectDwarf/Content/Meshes/fbx_AssetsMap/MapMaya/Test_map_pCube110.uasset" 426
"../../../ProjectDwarf/Content/Meshes/fbx_AssetsMap/MapMaya/Test_map_pCube112.uasset" 427
"../../../ProjectDwarf/Content/Meshes/fbx_AssetsMap/MapMaya/Test_map_pCube134.uasset" 428
"../../../ProjectDwarf/Content/Meshes/fbx_AssetsMap/MapMaya/Test_map_pCube67.uasset" 429
"../../../ProjectDwarf/Content/Meshes/fbx_AssetsMap/MapMaya/Test_map_pCube72.uasset" 430
"../../../ProjectDwarf/Content/Meshes/fbx_AssetsMap/MapMaya/Test_map_pCube85.uasset" 431
"../../../ProjectDwarf/Content/Meshes/fbx_AssetsMap/MapMaya/Test_map_pCube92.uasset" 432
"../../../ProjectDwarf/Content/Meshes/fbx_AssetsMap/MapMaya/Test_map_polySurface100.uasset" 433
"../../../ProjectDwarf/Content/Meshes/fbx_AssetsMap/MapMaya/Test_map_polySurface101.uasset" 434
"../../../ProjectDwarf/Content/Meshes/fbx_AssetsMap/MapMaya/Test_map_polySurface102.uasset" 435
"../../../ProjectDwarf/Content/Meshes/fbx_AssetsMap/MapMaya/Test_map_polySurface103.uasset" 436
"../../../ProjectDwarf/Content/Meshes/fbx_AssetsMap/MapMaya/Test_map_polySurface104.uasset" 437
"../../../ProjectDwarf/Content/Meshes/fbx_AssetsMap/MapMaya/Test_map_polySurface105.uasset" 438
"../../../ProjectDwarf/Content/Meshes/fbx_AssetsMap/MapMaya/Test_map_polySurface114.uasset" 439
"../../../ProjectDwarf/Content/Meshes/fbx_AssetsMap/MapMaya/Test_map_polySurface122.uasset" 440
"../../../ProjectDwarf/Content/Meshes/fbx_AssetsMap/MapMaya/Test_map_polySurface124.uasset" 441
"../../../ProjectDwarf/Content/Meshes/fbx_AssetsMap/MapMaya/Test_map_polySurface125.uasset" 442
"../../../ProjectDwarf/Content/Meshes/fbx_AssetsMap/MapMaya/Test_map_polySurface126.uasset" 443
"../../../ProjectDwarf/Content/Meshes/fbx_AssetsMap/MapMaya/Test_map_polySurface127.uasset" 444
"../../../ProjectDwarf/Content/Meshes/fbx_AssetsMap/MapMaya/Test_map_polySurface128.uasset" 445
"../../../ProjectDwarf/Content/Meshes/fbx_AssetsMap/MapMaya/Test_map_polySurface129.uasset" 446
"../../../ProjectDwarf/Content/Meshes/fbx_AssetsMap/MapMaya/Test_map_polySurface132.uasset" 447
"../../../ProjectDwarf/Content/Meshes/fbx_AssetsMap/MapMaya/lambert14.uasset" 448
"../../../ProjectDwarf/Content/Meshes/fbx_AssetsMap/MapMaya/Test_map_polySurface199.uasset" 449
"../../../ProjectDwarf/Content/Meshes/fbx_AssetsMap/MapMaya/Test_map_polySurface210.uasset" 450
"../../../ProjectDwarf/Content/Meshes/fbx_AssetsMap/MapMaya/Test_map_polySurface211.uasset" 451
"../../../ProjectDwarf/Content/Meshes/fbx_AssetsMap/MapMaya/Test_map_polySurface35.uasset" 452
"../../../ProjectDwarf/Content/Meshes/fbx_AssetsMap/MapMaya/Test_map_polySurface36.uasset" 453
"../../../ProjectDwarf/Content/Meshes/fbx_AssetsMap/MapMaya/Test_map_polySurface37.uasset" 454
"../../../ProjectDwarf/Content/Meshes/fbx_AssetsMap/MapMaya/Test_map_polySurface38.uasset" 455
"../../../ProjectDwarf/Content/Meshes/fbx_AssetsMap/MapMaya/Test_map_polySurface39.uasset" 456
"../../../ProjectDwarf/Content/Meshes/fbx_AssetsMap/MapMaya/Test_map_polySurface40.uasset" 457
"../../../ProjectDwarf/Content/Meshes/fbx_AssetsMap/MapMaya/Test_map_polySurface41.uasset" 458
"../../../ProjectDwarf/Content/Meshes/fbx_AssetsMap/MapMaya/Test_map_polySurface42.uasset" 459
"../../../ProjectDwarf/Content/Meshes/fbx_AssetsMap/MapMaya/Test_map_polySurface68.uasset" 460
"../../../ProjectDwarf/Content/Meshes/fbx_AssetsMap/MapMaya/Test_map_polySurface69.uasset" 461
"../../../ProjectDwarf/Content/Meshes/fbx_AssetsMap/MapMaya/Test_map_polySurface70.uasset" 462
"../../../ProjectDwarf/Content/Meshes/fbx_AssetsMap/MapMaya/Test_map_polySurface71.uasset" 463
"../../../ProjectDwarf/Content/Meshes/fbx_AssetsMap/MapMaya/Test_map_polySurface72.uasset" 464
"../../../ProjectDwarf/Content/Meshes/fbx_AssetsMap/MapMaya/Test_map_polySurface73.uasset" 465
"../../../ProjectDwarf/Content/Meshes/fbx_AssetsMap/MapMaya/Test_map_polySurface74.uasset" 466
"../../../ProjectDwarf/Content/Meshes/fbx_AssetsMap/MapMaya/Test_map_polySurface75.uasset" 467
"../../../ProjectDwarf/Content/Meshes/fbx_AssetsMap/MapMaya/Test_map_polySurface76.uasset" 468
"../../../ProjectDwarf/Content/Meshes/fbx_AssetsMap/MapMaya/Test_map_polySurface77.uasset" 469
"../../../ProjectDwarf/Content/Meshes/fbx_AssetsMap/MapMaya/Test_map_polySurface78.uasset" 470
"../../../ProjectDwarf/Content/Meshes/fbx_AssetsMap/MapMaya/Test_map_polySurface79.uasset" 471
"../../../ProjectDwarf/Content/Meshes/fbx_AssetsMap/MapMaya/Test_map_polySurface80.uasset" 472
"../../../ProjectDwarf/Content/Meshes/fbx_AssetsMap/MapMaya/Test_map_polySurface81.uasset" 473
"../../../ProjectDwarf/Content/Meshes/fbx_AssetsMap/MapMaya/Test_map_polySurface82.uasset" 474
"../../../ProjectDwarf/Content/Meshes/fbx_AssetsMap/MapMaya/Test_map_polySurface84.uasset" 475
"../../../ProjectDwarf/Content/Meshes/fbx_AssetsMap/MapMaya/Test_map_polySurface85.uasset" 476
"../../../ProjectDwarf/Content/Meshes/fbx_AssetsMap/MapMaya/Test_map_polySurface86.uasset" 477
"../../../ProjectDwarf/Content/Meshes/fbx_AssetsMap/MapMaya/Test_map_polySurface87.uasset" 478
"../../../ProjectDwarf/Content/Meshes/fbx_AssetsMap/MapMaya/Test_map_polySurface89.uasset" 479
"../../../ProjectDwarf/Content/Meshes/fbx_AssetsMap/MapMaya/Test_map_polySurface90.uasset" 480
"../../../ProjectDwarf/Content/Meshes/fbx_AssetsMap/MapMaya/Test_map_polySurface91.uasset" 481
"../../../ProjectDwarf/Content/Meshes/fbx_AssetsMap/MapMaya/Test_map_polySurface92.uasset" 482
"../../../ProjectDwarf/Content/Meshes/fbx_AssetsMap/MapMaya/Test_map_polySurface93.uasset" 483
"../../../ProjectDwarf/Content/Meshes/fbx_AssetsMap/MapMaya/Test_map_polySurface94.uasset" 484
"../../../ProjectDwarf/Content/Meshes/fbx_AssetsMap/MapMaya/Test_map_polySurface95.uasset" 485
"../../../ProjectDwarf/Content/Meshes/fbx_AssetsMap/MapMaya/Test_map_polySurface96.uasset" 486
"../../../ProjectDwarf/Content/Meshes/fbx_AssetsMap/MapMaya/Test_map_polySurface97.uasset" 487
"../../../ProjectDwarf/Content/Meshes/fbx_AssetsMap/MapMaya/Test_map_polySurface98.uasset" 488
"../../../ProjectDwarf/Content/Meshes/fbx_AssetsMap/MapMaya/Test_map_polySurface99.uasset" 489
"../../../ProjectDwarf/Content/Meshes/fbx_AssetsMap/MapMaya/Test_map_pPlane4.uasset" 490
"../../../ProjectDwarf/Content/Meshes/fbx_AssetsMap/MapMaya/Test_map_pPlane7.uasset" 491
"../../../ProjectDwarf/Content/Meshes/fbx_AssetsMap/MapMaya/Test_map_pPlane8.uasset" 492
"../../../ProjectDwarf/Content/Meshes/fbx_AssetsMap/WaterRocks/Rock_basecolor.uasset" 493
"../../../ProjectDwarf/Content/Meshes/fbx_AssetsMap/WaterRocks/Rock_metallic.uasset" 494
"../../../ProjectDwarf/Content/Meshes/fbx_AssetsMap/WaterRocks/Rock_roughness.uasset" 495
"../../../ProjectDwarf/Content/Meshes/fbx_AssetsMap/WaterRocks/Rock_01_lowMat.uasset" 496
"../../../ProjectDwarf/Content/Meshes/fbx_AssetsMap/WaterRocks/Water_Rocks_all__Group23803.uasset" 497
"../../../ProjectDwarf/Content/Meshes/fbx_AssetsMap/WaterRocks/Water_Rocks_all__Group30907.uasset" 498
"../../../ProjectDwarf/Content/Meshes/fbx_AssetsMap/WaterRocks/Water_Rocks_all__Group40201.uasset" 499
"../../../ProjectDwarf/Content/Meshes/fbx_AssetsMap/WaterRocks/Water_Rocks_all__Rock_01_low.uasset" 500
"../../../ProjectDwarf/Content/Meshes/fbx_AssetsMap/WaterRocks/Water_Rocks_all__Rock_02_low.uasset" 501
"../../../ProjectDwarf/Content/Meshes/fbx_Rock/Rock_Tex/Rock_lambert4SG_BaseColor.uasset" 502
"../../../ProjectDwarf/Content/Meshes/fbx_Rock/Rock_Tex/Rock_lambert4SG_Normal.uasset" 503
"../../../ProjectDwarf/Content/Meshes/fbx_Rock/Rock_Tex/Rock_lambert4SG_OcclusionRoughnessMetallic.uasset" 504
"../../../ProjectDwarf/Content/Meshes/Textures/Tex_Trees/Trees_lambert3SG_BaseColor.uasset" 505
"../../../ProjectDwarf/Content/Meshes/Textures/Tex_Trees/Trees_lambert3SG_Normal.uasset" 506
"../../../ProjectDwarf/Content/Meshes/Textures/Tex_Trees/Trees_lambert3SG_OcclusionRoughnessMetallic.uasset" 507
"../../../ProjectDwarf/Content/Meshes/Materials/Mat_TreeLeaves.uasset" 508
"../../../ProjectDwarf/Content/Meshes/Textures/Tex_Trees/Trees_lambert2SG_BaseColor.uasset" 509
"../../../ProjectDwarf/Content/Meshes/Textures/Tex_Trees/Trees_lambert2SG_Normal.uasset" 510
"../../../ProjectDwarf/Content/Meshes/Textures/Tex_Trees/Trees_lambert2SG_OcclusionRoughnessMetallic.uasset" 511
"../../../ProjectDwarf/Content/Meshes/Materials/Mat_TreeWood.uasset" 512
"../../../ProjectDwarf/Content/Meshes/fbx_Trees/Asset_tree_Tree01.uasset" 513
"../../../ProjectDwarf/Content/Meshes/fbx_Trees/Trees_Tex/Trees_lambert2SG_BaseColor.uasset" 514
"../../../ProjectDwarf/Content/Meshes/fbx_Trees/Trees_Tex/Trees_lambert2SG_Normal.uasset" 515
"../../../ProjectDwarf/Content/Meshes/fbx_Trees/Trees_Tex/Trees_lambert2SG_OcclusionRoughnessMetallic.uasset" 516
"../../../ProjectDwarf/Content/Meshes/fbx_Trees/Trees_Tex/Trees_lambert3SG_BaseColor.uasset" 517
"../../../ProjectDwarf/Content/Meshes/fbx_Trees/Trees_Tex/Trees_lambert3SG_Normal.uasset" 518
"../../../ProjectDwarf/Content/Meshes/fbx_Trees/Trees_Tex/Trees_lambert3SG_OcclusionRoughnessMetallic.uasset" 519
"../../../ProjectDwarf/Content/Meshes/Textures/Tex_Water/Water.uasset" 520
"../../../ProjectDwarf/Content/Meshes/Textures/Tex_Water/Water_Inst.uasset" 521
"../../../ProjectDwarf/Content/Sounds/sword_swing.uasset" 522
"../../../ProjectDwarf/Content/Sounds/Grapnel/throw_03.uasset" 523
"../../../ProjectDwarf/Content/Sounds/Grapnel/throw_04.uasset" 524
"../../../ProjectDwarf/Content/Sounds/Grapnel/throw_05.uasset" 525
"../../../ProjectDwarf/Content/Sounds/Grapnel/throw_07.uasset" 526
"../../../ProjectDwarf/Content/Sounds/Grapnel/throw_08.uasset" 527
"../../../ProjectDwarf/Content/StarterContent/Architecture/Pillar_50x500.uasset" 528
"../../../ProjectDwarf/Content/StarterContent/Architecture/Wall_400x300.uasset" 529
"../../../ProjectDwarf/Content/StarterContent/Architecture/Wall_400x400.uasset" 530
"../../../ProjectDwarf/Content/StarterContent/Architecture/Wall_500x500.uasset" 531
"../../../ProjectDwarf/Content/StarterContent/Architecture/Wall_Door_400x400.uasset" 532
"../../../ProjectDwarf/Content/StarterContent/Architecture/Wall_Window_400x400.uasset" 533
"../../../ProjectDwarf/Content/StarterContent/Audio/Light01_Cue.uasset" 534
"../../../ProjectDwarf/Content/StarterContent/Audio/Light02_Cue.uasset" 535
"../../../ProjectDwarf/Content/StarterContent/Audio/Explosion_Cue.uasset" 536
"../../../ProjectDwarf/Content/StarterContent/Textures/T_Burst_M.uasset" 537
"../../../ProjectDwarf/Content/StarterContent/Particles/Materials/M_Burst.uasset" 538
"../../../ProjectDwarf/Content/StarterContent/Textures/T_Explosion_SubUV.uasset" 539
"../../../ProjectDwarf/Content/StarterContent/Particles/Materials/M_explosion_subUV.uasset" 540
"../../../ProjectDwarf/Content/StarterContent/Particles/Materials/m_flare_01.uasset" 541
"../../../ProjectDwarf/Content/StarterContent/Particles/Materials/M_radial_ramp.uasset" 542
"../../../ProjectDwarf/Content/StarterContent/Particles/P_Explosion.uasset" 543
"../../../ProjectDwarf/Content/StarterContent/Blueprints/Blueprint_Effect_Explosion.uasset" 544
"../../../Engine/Content/EditorMeshes/ColorCalibrator/T_ColorGrid.uasset" 545
"../../../ProjectDwarf/Content/StarterContent/Materials/M_ColorGrid_LowSpec.uasset" 546
"../../../ProjectDwarf/Content/StarterContent/Textures/T_Bush_D.uasset" 547
"../../../ProjectDwarf/Content/StarterContent/Textures/T_Bush_N.uasset" 548
"../../../ProjectDwarf/Content/StarterContent/Props/Materials/M_Bush.uasset" 549
"../../../ProjectDwarf/Content/StarterContent/Props/SM_Bush.uasset" 550
"../../../ProjectDwarf/Content/StarterContent/Textures/T_Chair_M.uasset" 551
"../../../ProjectDwarf/Content/StarterContent/Textures/T_Chair_N.uasset" 552
"../../../ProjectDwarf/Content/StarterContent/Props/Materials/M_Chair.uasset" 553
"../../../ProjectDwarf/Content/StarterContent/Props/SM_Couch.uasset" 554
"../../../ProjectDwarf/Content/StarterContent/Materials/M_Glass.uasset" 555
"../../../ProjectDwarf/Content/StarterContent/Textures/T_Door_M.uasset" 556
"../../../ProjectDwarf/Content/StarterContent/Textures/T_Door_N.uasset" 557
"../../../ProjectDwarf/Content/StarterContent/Props/Materials/M_Door.uasset" 558
"../../../ProjectDwarf/Content/StarterContent/Props/SM_Door.uasset" 559
"../../../ProjectDwarf/Content/StarterContent/Props/Materials/M_MaterialSphere.uasset" 560
"../../../ProjectDwarf/Content/StarterContent/Props/Materials/M_MaterialSphere_Plain.uasset" 561
"../../../ProjectDwarf/Content/StarterContent/Props/SM_MatPreviewMesh_02.uasset" 562
"../../../ProjectDwarf/Content/StarterContent/Props/SM_Rock.uasset" 563
"../../../ProjectDwarf/Content/StarterContent/Textures/T_Shelf_M.uasset" 564
"../../../ProjectDwarf/Content/StarterContent/Textures/T_Shelf_N.uasset" 565
"../../../ProjectDwarf/Content/StarterContent/Props/Materials/M_Shelf.uasset" 566
"../../../ProjectDwarf/Content/StarterContent/Props/SM_Shelf.uasset" 567
"../../../ProjectDwarf/Content/StarterContent/Materials/M_Basic_Floor.uasset" 568
"../../../ProjectDwarf/Content/StarterContent/Props/SM_Stairs.uasset" 569
"../../../ProjectDwarf/Content/StarterContent/Shapes/Shape_Cylinder.uasset" 570
"../../../ProjectDwarf/Content/StarterContent/Shapes/Shape_NarrowCapsule.uasset" 571
"../../../ProjectDwarf/Content/StarterContent/Shapes/Shape_Pipe.uasset" 572
"../../../ProjectDwarf/Content/StarterContent/Shapes/Shape_Pipe_180.uasset" 573
"../../../ProjectDwarf/Content/StarterContent/Shapes/Shape_Pipe_90.uasset" 574
"../../../ProjectDwarf/Content/StarterContent/Shapes/Shape_Plane.uasset" 575
"../../../ProjectDwarf/Content/StarterContent/Shapes/Shape_Torus.uasset" 576
"../../../ProjectDwarf/Content/StarterContent/Shapes/Shape_Trim.uasset" 577
"../../../ProjectDwarf/Content/StarterContent/Shapes/Shape_Trim_90_In.uasset" 578
"../../../ProjectDwarf/Content/StarterContent/Shapes/Shape_Trim_90_Out.uasset" 579
"../../../ProjectDwarf/Content/StarterContent/Shapes/Shape_TriPyramid.uasset" 580
"../../../ProjectDwarf/Content/StarterContent/Shapes/Shape_Tube.uasset" 581
"../../../ProjectDwarf/Content/StarterContent/Shapes/Shape_Wedge_A.uasset" 582
"../../../ProjectDwarf/Content/StarterContent/Shapes/Shape_Wedge_B.uasset" 583
"../../../ProjectDwarf/Content/StarterContent/Shapes/Shape_WideCapsule.uasset" 584
"../../../ProjectDwarf/Content/UI/Cible.uasset" 585
"../../../ProjectDwarf/Content/UI/HeartMat.uasset" 586
"../../../ProjectDwarf/Content/UI/TargetP1.uasset" 587
"../../../ProjectDwarf/Content/UI/TargetP2.uasset" 588
"../../../ProjectDwarf/Content/UI/Test01.uasset" 589
"../../../ProjectDwarf/Content/UI/Test02.uasset" 590
"../../../Engine/Content/BasicShapes/Cone.uasset" 591
"../../../Engine/Content/BasicShapes/Cylinder.uasset" 592
"../../../Engine/Content/EditorLandscapeResources/DataLayer.uasset" 593
"../../../Engine/Content/EditorMaterials/GizmoMaterial.uasset" 594
"../../../Engine/Content/EditorMaterials/MAT_Groups_Toggle.uasset" 595
"../../../Engine/Content/EditorMaterials/MAT_Groups_Visibility.uasset" 596
"../../../Engine/Content/EditorMaterials/PreviewShadowIndicator.uasset" 597
"../../../Engine/Content/EditorMaterials/PreviewShadowIndicatorMaterial.uasset" 598
"../../../Engine/Content/EditorMaterials/AssetViewer/EpicQuadPanorama_CC+EV1.uasset" 599
"../../../Engine/Content/EditorMaterials/MatineeGroups/MAT_ColorTrack.uasset" 600
"../../../Engine/Content/EditorMaterials/MatineeGroups/MAT_Groups_Anim.uasset" 601
"../../../Engine/Content/EditorMaterials/MatineeGroups/MAT_Groups_AudioMaster.uasset" 602
"../../../Engine/Content/EditorMaterials/MatineeGroups/MAT_Groups_Director.uasset" 603
"../../../Engine/Content/EditorMaterials/MatineeGroups/MAT_Groups_Event.uasset" 604
"../../../Engine/Content/EditorMaterials/MatineeGroups/MAT_Groups_Fade.uasset" 605
"../../../Engine/Content/EditorMaterials/MatineeGroups/MAT_Groups_Float.uasset" 606
"../../../Engine/Content/EditorMaterials/MatineeGroups/MAT_Groups_Move.uasset" 607
"../../../Engine/Content/EditorMaterials/MatineeGroups/MAT_Groups_Slomo.uasset" 608
"../../../Engine/Content/EditorMaterials/MatineeGroups/MAT_Groups_Sound.uasset" 609
"../../../Engine/Content/EditorMaterials/MatineeGroups/MAT_Groups_Vector.uasset" 610
"../../../Engine/Content/EditorMaterials/ParticleSystems/PSysThumbnail_NoImage.uasset" 611
"../../../Engine/Content/EditorMaterials/ParticleSystems/PSysThumbnail_OOD.uasset" 612
"../../../Engine/Content/EditorMaterials/Camera/CineMat.uasset" 613
"../../../Engine/Content/EditorMaterials/Camera/MI_CineMat_Rig.uasset" 614
"../../../Engine/Content/EditorMeshes/Camera/SM_CraneRig_Arm.uasset" 615
"../../../Engine/Content/EditorMeshes/Camera/SM_CraneRig_Base.uasset" 616
"../../../Engine/Content/EditorMeshes/Camera/SM_CraneRig_Body.uasset" 617
"../../../Engine/Content/EditorMeshes/Camera/SM_CraneRig_Mount.uasset" 618
"../../../Engine/Content/EditorMeshes/Camera/SM_RailRig_Mount.uasset" 619
"../../../Engine/Content/EditorMeshes/Camera/SM_RailRig_Track.uasset" 620
"../../../Engine/Content/EditorResources/BSPVertex.uasset" 621
"../../../Engine/Content/EditorResources/EmptyActor.uasset" 622
"../../../Engine/Content/EditorResources/S_Actor.uasset" 623
"../../../Engine/Content/EditorResources/S_Trigger.uasset" 624
"../../../Engine/Content/EditorResources/AudioIcons/S_AudioComponent.uasset" 625
"../../../Engine/Content/EditorResources/AudioIcons/S_AudioComponent_AutoActivate.uasset" 626
"../../../Engine/Content/EditorResources/LightIcons/S_LightError.uasset" 627
"../../../Engine/Content/EditorResources/SequenceRecorder/Countdown.uasset" 628
"../../../Engine/Content/EditorResources/SequenceRecorder/RecordingIndicator.uasset" 629
"../../../Engine/Content/EditorSounds/Notifications/CompileFailed.uasset" 630
"../../../Engine/Content/EditorSounds/Notifications/CompileFailed_Cue.uasset" 631
"../../../Engine/Content/EditorSounds/Notifications/CompileSuccess.uasset" 632
"../../../Engine/Content/EditorSounds/Notifications/CompileStart_Cue.uasset" 633
"../../../Engine/Content/EditorSounds/Notifications/CompileSuccess_Cue.uasset" 634
"../../../Engine/Content/EngineDamageTypes/DmgTypeBP_Environmental.uasset" 635
"../../../Engine/Content/EngineDebugMaterials/HeatmapGradient.uasset" 636
"../../../Engine/Content/EngineDebugMaterials/BoneWeightMaterial.uasset" 637
"../../../Engine/Content/EngineDebugMaterials/ClothMaterial.uasset" 638
"../../../Engine/Content/EngineDebugMaterials/DebugMeshMaterial.uasset" 639
"../../../Engine/Content/EngineDebugMaterials/GeomMaterial.uasset" 640
"../../../Engine/Content/EngineFonts/Faces/RobotoBold.uasset" 641
"../../../Engine/Content/EngineFonts/Faces/RobotoBoldItalic.uasset" 642
"../../../Engine/Content/EngineFonts/Faces/RobotoItalic.uasset" 643
"../../../Engine/Content/EngineFonts/Faces/RobotoLight.uasset" 644
"../../../Engine/Content/EngineFonts/Faces/RobotoRegular.uasset" 645
"../../../Engine/Content/EngineFonts/Roboto.uasset" 646
"../../../Engine/Content/EngineFonts/Faces/RobotoTiny.uasset" 647
"../../../Engine/Content/EngineFonts/RobotoTiny.uasset" 648
"../../../Engine/Content/EngineMaterials/DefaultBloomKernel.uasset" 649
"../../../Engine/Content/EngineMaterials/DefaultBokeh.uasset" 650
"../../../Engine/Content/EngineMaterials/DefaultDiffuse.uasset" 651
"../../../Engine/Content/EngineMaterials/DefaultDeferredDecalMaterial.uasset" 652
"../../../Engine/Content/EngineMaterials/DefaultLightFunctionMaterial.uasset" 653
"../../../Engine/Content/Functions/Engine_MaterialFunctions02/Utility/BreakOutFloat2Components.uasset" 654
"../../../Engine/Content/EngineMaterials/DefaultPostProcessMaterial.uasset" 655
"../../../Engine/Content/EngineFonts/RobotoDistanceField.uasset" 656
"../../../Engine/Content/EngineMaterials/DefaultTextMaterialOpaque.uasset" 657
"../../../Engine/Content/EngineMaterials/DefaultWhiteGrid.uasset" 658
"../../../Engine/Content/EngineMaterials/EditorBrushMaterial.uasset" 659
"../../../Engine/Content/EngineMaterials/Good64x64TilingNoiseHighFreq.uasset" 660
"../../../Engine/Content/EngineMaterials/MiniFont.uasset" 661
"../../../Engine/Content/EngineMaterials/InvalidLightmapSettings.uasset" 662
"../../../Engine/Content/EngineMaterials/M_InvalidLightmapSettings.uasset" 663
"../../../Engine/Content/EngineMaterials/PhAT_JointLimitMaterial.uasset" 664
"../../../Engine/Content/EngineMaterials/PreintegratedSkinBRDF.uasset" 665
"../../../Engine/Content/EngineMaterials/RemoveSurfaceMaterial.uasset" 666
"../../../Engine/Content/EngineMaterials/WeightMapPlaceholderTexture.uasset" 667
"../../../Engine/Content/EngineResources/WhiteSquareTexture.uasset" 668
"../../../Engine/Content/EngineMaterials/Widget3DPassThrough.uasset" 669
"../../../Engine/Content/EngineMaterials/Widget3DPassThrough_Masked.uasset" 670
"../../../Engine/Content/EngineMaterials/Widget3DPassThrough_Opaque.uasset" 671
"../../../Engine/Content/EngineMaterials/Widget3DPassThrough_Masked_OneSided.uasset" 672
"../../../Engine/Content/EngineMaterials/Widget3DPassThrough_Opaque_OneSided.uasset" 673
"../../../Engine/Content/EngineMaterials/Widget3DPassThrough_Translucent.uasset" 674
"../../../Engine/Content/EngineMaterials/Widget3DPassThrough_Translucent_OneSided.uasset" 675
"../../../Engine/Content/EngineMeshes/Cube.uasset" 676
"../../../Engine/Content/EngineMeshes/Cylinder.uasset" 677
"../../../Engine/Content/EngineMeshes/Sphere.uasset" 678
"../../../Engine/Content/EngineResources/Black.uasset" 679
"../../../Engine/Content/EngineResources/DefaultTexture.uasset" 680
"../../../Engine/Content/EngineResources/DefaultTextureCube.uasset" 681
"../../../Engine/Content/EngineResources/GradientTexture0.uasset" 682
"../../../Engine/Content/EngineSounds/Master.uasset" 683
"../../../Engine/Content/Functions/Engine_MaterialFunctions01/Shading/ConvertFromDiffSpec.uasset" 684
"../../../Engine/Content/Functions/Engine_MaterialFunctions01/Shading/PowerToRoughness.uasset" 685
"../../../Engine/Content/Maps/Templates/Thumbnails/Default.uasset" 686
"../../../Engine/Content/Maps/Templates/Thumbnails/VR-Basic.uasset" 687
"../../../Engine/Content/MobileResources/T_MobileControls_texture.uasset" 688
"../../../Engine/Content/MobileResources/T_MobileMenu2.uasset" 689
"../../../Engine/Content/MobileResources/HUD/AnalogHat.uasset" 690
"../../../Engine/Content/MobileResources/HUD/VirtualJoystick_Background.uasset" 691
"../../../Engine/Content/MobileResources/HUD/VirtualJoystick_Thumb.uasset" 692
"../../../Engine/Content/MobileResources/HUD/DefaultVirtualJoysticks.uasset" 693
"../../../Engine/Content/MobileResources/HUD/LeftVirtualJoystickOnly.uasset" 694
"../../../Engine/Content/MobileResources/HUD/MobileHUDButton1_off.uasset" 695
"../../../Engine/Content/MobileResources/HUD/MobileHUDButton1_on.uasset" 696
"../../../Engine/Content/MobileResources/HUD/MobileHUDButton2_off.uasset" 697
"../../../Engine/Content/MobileResources/HUD/MobileHUDButton2_on.uasset" 698
"../../../Engine/Content/MobileResources/HUD/MobileHUDButton3.uasset" 699
"../../../Engine/Content/MobileResources/HUD/MobileHUDButtonFire.uasset" 700
"../../../Engine/Content/MobileResources/HUD/MobileHUDDirectionPad.uasset" 701
"../../../Engine/Content/MobileResources/HUD/MobileHUDDirectionPad2.uasset" 702
"../../../Engine/Content/MobileResources/HUD/MobileHUDDirectionPad3.uasset" 703
"../../../Engine/Content/MobileResources/HUD/MobileHUDDirectionStick.uasset" 704
"../../../Engine/Content/MobileResources/HUD/T_Castle_ThumbstickInner.uasset" 705
"../../../Engine/Content/MobileResources/HUD/T_Castle_ThumbstickOutter.uasset" 706
"../../../Engine/Content/Tutorial/ContentIntroCurve.uasset" 707
"../../../Engine/Content/Tutorial/Basics/TutorialAssets/icon_tab_Levels_40x.uasset" 708
"../../../Engine/Content/Tutorial/BlueprintTutorials/TutorialAssets/BlueprintInterface_64x.uasset" 709
"../../../Engine/Content/Tutorial/BlueprintTutorials/TutorialAssets/BlueprintMacroLibrary_64x.uasset" 710
"../../../Engine/Content/Tutorial/BlueprintTutorials/TutorialAssets/Blueprint_64x.uasset" 711
"../../../Engine/Content/Tutorial/BlueprintTutorials/TutorialAssets/Tutorial_BP_Interface.uasset" 712
"../../../Engine/Content/Tutorial/Foliage/TutorialAssets/Foliage.uasset" 713
"../../../Engine/Content/Tutorial/Landscape/TutorialAssets/Landscape.uasset" 714
"../../../Engine/Content/Tutorial/Paper2D/TutorialAssets/Paper2DFlipbook_TutorialIcon.uasset" 715
"../../../Engine/Content/Tutorial/Paper2D/TutorialAssets/Paper2DSprite_TutorialIcon.uasset" 716
"../../../Engine/Content/Tutorial/SubEditors/TutorialAssets/icon_Editor_Preferences_General_40x.uasset" 717
"../../../Engine/Content/Tutorial/SubEditors/TutorialAssets/icon_ShowSkeletalMeshes_40x.uasset" 718
"../../../Engine/Content/Tutorial/SubEditors/TutorialAssets/TutorialMaterial.uasset" 719
"../../../Engine/Content/Tutorial/SubEditors/TutorialAssets/T_SmokeSubUV_8X8.uasset" 720
"../../../Engine/Content/Tutorial/SubEditors/TutorialAssets/T_soft_smoke.uasset" 721
"../../../Engine/Content/Tutorial/SubEditors/TutorialAssets/M_smoke_subUV_blackbody.uasset" 722
"../../../Engine/Content/Tutorial/SubEditors/TutorialAssets/TutorialParticleSystem.uasset" 723
"../../../Engine/Content/EditorMeshes/EditorCube.uasset" 724
"../../../Engine/Content/Tutorial/SubEditors/TutorialAssets/Tutorial_DM.uasset" 725
"../../../Engine/Content/VREditor/Devices/Generic/GenericHMDMaterial.uasset" 726
"../../../Engine/Content/VREditor/Devices/Generic/GenericHMD.uasset" 727
"../../../Engine/Content/VREditor/FloatingText/LineMaterial.uasset" 728
"../../../Engine/Content/VREditor/FloatingText/JointSphere.uasset" 729
"../../../Engine/Content/VREditor/FloatingText/LineSegmentCylinder.uasset" 730
"../../../Engine/Content/VREditor/Fonts/VRText_RobotoLarge.uasset" 731
"../../../Engine/Content/VREditor/Fonts/VRTextMaterial.uasset" 732
"../../../Engine/Content/VREditor/Fonts/TranslucentVRTextMaterial.uasset" 733
"../../../Engine/Content/VREditor/LaserPointer/VR_LaserPower_01.uasset" 734
"../../../Engine/Content/VREditor/TransformGizmo/TransformGizmoMaterial.uasset" 735
"../../../Engine/Content/VREditor/LaserPointer/HoverMaterial.uasset" 736
"../../../Engine/Content/VREditor/TransformGizmo/TranslucentTransformGizmoMaterial.uasset" 737
"../../../Engine/Content/VREditor/LaserPointer/TranslucentHoverMaterial.uasset" 738
"../../../Engine/Content/VREditor/LaserPointer/HoverMesh.uasset" 739
"../../../Engine/Content/VREditor/LaserPointer/LaserPointerMaterial.uasset" 740
"../../../Engine/Content/VREditor/LaserPointer/LaserPointerMaterialInst.uasset" 741
"../../../Engine/Content/VREditor/LaserPointer/TranslucentLaserPointerMaterialInst.uasset" 742
"../../../Engine/Content/VREditor/LaserPointer/LaserPointerMesh.uasset" 743
"../../../Engine/Content/VREditor/LaserPointer/LaserPointerMesh_End.uasset" 744
"../../../Engine/Content/VREditor/LaserPointer/LaserPointerMesh_Start.uasset" 745
"../../../Engine/Content/Functions/Engine_MaterialFunctions02/Utility/BreakOutFloat3Components.uasset" 746
"../../../Engine/Content/Functions/Engine_MaterialFunctions02/Math/Transform3x3Matrix.uasset" 747
"../../../Engine/Content/Functions/Engine_MaterialFunctions02/SplitComponents.uasset" 748
"../../../Engine/Content/Functions/Engine_MaterialFunctions02/Utility/MakeFloat3.uasset" 749
"../../../Engine/Content/VREditor/SnapGrid/SnapGridMaterial.uasset" 750
"../../../Engine/Content/VREditor/SnapGrid/SnapGridPlaneMesh.uasset" 751
"../../../Engine/Content/VREditor/Sounds/VR_teleport_Cue.uasset" 752
"../../../Engine/Content/VREditor/Sounds/UI/Click_on_Button_Cue.uasset" 753
"../../../Engine/Content/VREditor/Sounds/UI/Dockable_Window_Close.uasset" 754
"../../../Engine/Content/VREditor/Sounds/UI/Dockable_Window_Drop.uasset" 755
"../../../Engine/Content/VREditor/Sounds/UI/Dockable_Window_Open.uasset" 756
"../../../Engine/Content/VREditor/Sounds/UI/Dockable_Window_Pick_Up.uasset" 757
"../../../Engine/Content/VREditor/Sounds/UI/Drop_Item_From_ContentBrowser.uasset" 758
"../../../Engine/Content/VREditor/Sounds/UI/Floating_UI_Open-001.uasset" 759
"../../../Engine/Content/VREditor/Sounds/UI/Gizmo_Handle_Clicked.uasset" 760
"../../../Engine/Content/VREditor/Sounds/UI/Object_PickUp.uasset" 761
"../../../Engine/Content/VREditor/Sounds/UI/Object_Snaps_To_Another_Actor.uasset" 762
"../../../Engine/Content/VREditor/Sounds/UI/Object_Snaps_To_Grid.uasset" 763
"../../../Engine/Content/VREditor/Sounds/UI/Radial_Menu_FadeOut.uasset" 764
"../../../Engine/Content/VREditor/Sounds/UI/Scaling_Down.uasset" 765
"../../../Engine/Content/VREditor/Sounds/UI/Scaling_Up.uasset" 766
"../../../Engine/Content/VREditor/Sounds/UI/Selection_Changes.uasset" 767
"../../../Engine/Content/VREditor/Sounds/UI/Teleport_Mode_Entered.uasset" 768
"../../../Engine/Content/VREditor/Teleport/TeleportDirectionMaterial.uasset" 769
"../../../Engine/Content/VREditor/Teleport/TeleportDirectionMaterial_Inst.uasset" 770
"../../../Engine/Content/VREditor/Teleport/TeleportDirectionMesh.uasset" 771
"../../../Engine/Content/VREditor/TransformGizmo/BoundingBoxCorner.uasset" 772
"../../../Engine/Content/VREditor/TransformGizmo/BoundingBoxEdge.uasset" 773
"../../../Engine/Content/VREditor/TransformGizmo/PlaneTranslationHandle.uasset" 774
"../../../Engine/Content/VREditor/TransformGizmo/RotationHandle.uasset" 775
"../../../Engine/Content/VREditor/TransformGizmo/RotationHandleFull.uasset" 776
"../../../Engine/Content/VREditor/TransformGizmo/RotationHandleIndicator.uasset" 777
"../../../Engine/Content/VREditor/TransformGizmo/RotationHandleQuarter.uasset" 778
"../../../Engine/Content/VREditor/TransformGizmo/Main.uasset" 779
"../../../Engine/Content/VREditor/TransformGizmo/Xray.uasset" 780
"../../../Engine/Content/VREditor/TransformGizmo/SM_Dialog_Close.uasset" 781
"../../../Engine/Content/VREditor/TransformGizmo/SM_Dialog_Move.uasset" 782
"../../../Engine/Content/VREditor/TransformGizmo/SM_Sequencer_Key.uasset" 783
"../../../Engine/Content/VREditor/TransformGizmo/StartRotationHandleIndicator.uasset" 784
"../../../Engine/Content/VREditor/TransformGizmo/TransformGizmoMaterial_Inst.uasset" 785
"../../../Engine/Content/VREditor/TransformGizmo/TranslateArrowHandle.uasset" 786
"../../../Engine/Content/VREditor/TransformGizmo/TranslationHandle.uasset" 787
"../../../Engine/Content/VREditor/TransformGizmo/TranslucentTransformGizmoMaterial_Inst.uasset" 788
"../../../Engine/Content/VREditor/TransformGizmo/UniformScaleHandle.uasset" 789
"../../../Engine/Content/VREditor/UI/KeyDiskMaterial.uasset" 790
"../../../Engine/Content/VREditor/UI/DiscMaterial.uasset" 791
"../../../Engine/Content/VREditor/UI/SM_Radial_Disk.uasset" 792
"../../../Engine/Content/VREditor/WorldMovementGrid/SimpleGrid.uasset" 793
"../../../Engine/Content/VREditor/WorldMovementGrid/GridMaterial.uasset" 794
"../../../Engine/Content/Functions/Engine_MaterialFunctions01/Density/ExponentialDensity.uasset" 795
"../../../Engine/Content/VREditor/WorldMovementGrid/GridPostProcess.uasset" 796
"../../../Engine/Content/EditorLandscapeResources/FlattenHeightMat.uasset" 797
"../../../Engine/Content/VREditor/WorldMovementGrid/PlaneMesh.uasset" 798
"../../../Engine/Plugins/2D/Paper2D/Content/DummySprite.uasset" 799
"../../../Engine/Plugins/2D/Paper2D/Content/DefaultPaperTerrainMaterial.uasset" 800
"../../../Engine/Plugins/2D/Paper2D/Content/DefaultSpriteMaterial.uasset" 801
"../../../Engine/Plugins/2D/Paper2D/Content/MaskedUnlitSpriteMaterial.uasset" 802
"../../../Engine/Plugins/2D/Paper2D/Content/OpaqueUnlitSpriteMaterial.uasset" 803
"../../../Engine/Plugins/2D/Paper2D/Content/PlaceholderTextures/DummySpriteTexture.uasset" 804
"../../../Engine/Plugins/Runtime/GearVR/Content/Textures/GearVRController_AO.uasset" 805
"../../../Engine/Plugins/Runtime/GearVR/Content/Textures/GearVRController_Color.uasset" 806
"../../../Engine/Plugins/Runtime/GearVR/Content/Textures/GearVRController_Normal.uasset" 807
"../../../Engine/Plugins/Runtime/GearVR/Content/Materials/GearVRControllerMaterial.uasset" 808
"../../../Engine/Plugins/Runtime/GearVR/Content/Meshes/GearVrController.uasset" 809
"../../../Engine/Content/EngineSky/C_Sky_Cloud_Color.uasset" 810
"../../../Engine/Content/EngineSky/C_Sky_Horizon_Color.uasset" 811
"../../../Engine/Content/EngineSky/C_Sky_Zenith_Color.uasset" 812
"../../../Engine/Content/EngineSky/T_Sky_Blue.uasset" 813
"../../../Engine/Content/EngineSky/T_Sky_Clouds_M.uasset" 814
"../../../Engine/Content/EngineSky/T_Sky_Stars.uasset" 815
"../../../Engine/Content/EngineSky/M_Sky_Panning_Clouds2.uasset" 816
"../../../Engine/Content/EngineSky/SM_SkySphere.uasset" 817
"../../../Engine/Content/EngineSky/BP_Sky_Sphere.uasset" 818
"../../../ProjectDwarf/Content/Levels/MainMenuContent/MainMenu_BP.uasset" 819
"../../../ProjectDwarf/Content/Levels/MainMenu.umap" 820
"../../../Engine/Content/EngineMaterials/DefaultPhysicalMaterial.uasset" 821
"../../../ProjectDwarf/Content/Levels/MapBenjamin.umap" 822
"../../../ProjectDwarf/Content/Levels/Nolan_BuiltData.uasset" 823
"../../../Engine/Content/BasicShapes/Cube.uasset" 824
"../../../ProjectDwarf/Content/Levels/Nolan.umap" 825
"../../../ProjectDwarf/Content/Blueprints/Catchable/Shape_Catchable_Exemple.uasset" 826
"../../../ProjectDwarf/Content/Blueprints/Catchable/Catchable.uasset" 827
"../../../ProjectDwarf/Content/StarterContent/Textures/T_Wood_Pine_D.uasset" 828
"../../../ProjectDwarf/Content/StarterContent/Textures/T_Wood_Pine_N.uasset" 829
"../../../ProjectDwarf/Content/StarterContent/Materials/M_Wood_Pine.uasset" 830
"../../../ProjectDwarf/Content/Blueprints/Graplin/Prop.uasset" 831
"../../../ProjectDwarf/Content/Levels/Playground_Quentin_BuiltData.uasset" 832
"../../../ProjectDwarf/Content/StarterContent/Textures/T_Ground_Grass_D.uasset" 833
"../../../ProjectDwarf/Content/StarterContent/Textures/T_Ground_Grass_N.uasset" 834
"../../../ProjectDwarf/Content/StarterContent/Materials/M_Ground_Grass.uasset" 835
"../../../Engine/Content/MapTemplates/SM_Template_Map_Floor.uasset" 836
"../../../ProjectDwarf/Content/Levels/Playground_Quentin.umap" 837
"../../../ProjectDwarf/Content/Levels/veraxxmap.umap" 838
"../../../ProjectDwarf/Content/Blueprints/SuperLib.uasset" 839
"../../../ProjectDwarf/Content/Blueprints/CameraRotator.uasset" 840
"../../../ProjectDwarf/Content/Meshes/fbx_AssetsMap/LampCampFireMesh/Post_Campfire_Camfire.uasset" 841
"../../../ProjectDwarf/Content/Particles/Flame.uasset" 842
"../../../ProjectDwarf/Content/Particles/FlameBaseWhite.uasset" 843
"../../../ProjectDwarf/Content/Particles/TorchFlame_SubUV.uasset" 844
"../../../ProjectDwarf/Content/Particles/CampFire1.uasset" 845
"../../../ProjectDwarf/Content/Blueprints/CampFire.uasset" 846
"../../../ProjectDwarf/Content/Blueprints/Interaction/Interactibles/Crate/CrateBase_BP.uasset" 847
"../../../ProjectDwarf/Content/Blueprints/ItemKiller.uasset" 848
"../../../ProjectDwarf/Content/Meshes/fbx_AssetsMap/Box_Barrel_Tex/PropsBrakable_Unfold_Barrel02_BaseColor.uasset" 849
"../../../ProjectDwarf/Content/Meshes/fbx_AssetsMap/Box_Barrel_Tex/PropsBrakable_Unfold_Barrel02_Normal.uasset" 850
"../../../ProjectDwarf/Content/Meshes/fbx_AssetsMap/Box_Barrel_Tex/PropsBrakable_Unfold_Barrel02_OcclusionRoughnessMetallic.uasset" 851
"../../../ProjectDwarf/Content/Meshes/fbx_AssetsMap/Barrel_Steel.uasset" 852
"../../../ProjectDwarf/Content/Meshes/fbx_AssetsMap/Assets_Box_Barrel_Barrel4.uasset" 853
"../../../ProjectDwarf/Content/Meshes/fbx_AssetsMap/Assets_Box_Barrel_Barrel4_DM.uasset" 854
"../../../ProjectDwarf/Content/Blueprints/Interaction/Interactibles/Crate/BarrelSteel_BP.uasset" 855
"../../../ProjectDwarf/Content/Blueprints/Interaction/Interactibles/Crate/WoodBox_BP.uasset" 856
"../../../ProjectDwarf/Content/Blueprints/Interaction/Interactibles/Stuff/StuffBase_BP.uasset" 857
"../../../ProjectDwarf/Content/Blueprints/Interaction/Interactibles/Stuff/Shield_BP.uasset" 858
"../../../ProjectDwarf/Content/Meshes/fbx_Collectibles/Textures/BeerTorch_Torch_BaseColor.uasset" 859
"../../../ProjectDwarf/Content/Meshes/fbx_Collectibles/Textures/BeerTorch_Torch_Normal.uasset" 860
"../../../ProjectDwarf/Content/Meshes/fbx_Collectibles/Textures/BeerTorch_Torch_OcclusionRoughnessMetallic.uasset" 861
"../../../ProjectDwarf/Content/Meshes/fbx_Collectibles/Textures/TorcheTEX.uasset" 862
"../../../ProjectDwarf/Content/Meshes/fbx_Collectibles/BeerTorch_Torch1.uasset" 863
"../../../ProjectDwarf/Content/Particles/Torch_Fire.uasset" 864
"../../../ProjectDwarf/Content/Blueprints/Interaction/Interactibles/Stuff/Torch_BP.uasset" 865
"../../../ProjectDwarf/Content/Blueprints/Interaction/Moving_platform_Pressure_plate_BP.uasset" 866
"../../../ProjectDwarf/Content/Meshes/Textures/Tex_RockPlatform/Rock+Moss_basecolor.uasset" 867
"../../../ProjectDwarf/Content/Meshes/Textures/Tex_RockPlatform/Rock+Moss_metallic.uasset" 868
"../../../ProjectDwarf/Content/Meshes/Textures/Tex_RockPlatform/Rock+Moss_roughness.uasset" 869
"../../../ProjectDwarf/Content/Meshes/Textures/Tex_RockPlatform/RockPlatformMAT.uasset" 870
"../../../ProjectDwarf/Content/Blueprints/Interaction/Moving_platform.uasset" 871
"../../../ProjectDwarf/Content/Blueprints/RespawnItem/RespawnItemPoint.uasset" 872
"../../../ProjectDwarf/Content/Blueprints/RespawnItem/RespawnItemArea_BP.uasset" 873
"../../../ProjectDwarf/Content/Scenes/TestCam_BuiltData.uasset" 874
"../../../ProjectDwarf/Content/Materials/HighlightMaterial/M_InteractHighlight.uasset" 875
"../../../ProjectDwarf/Content/Meshes/Textures/Tex_Ground/Sol_basecolor.uasset" 876
"../../../ProjectDwarf/Content/Meshes/Textures/Tex_Ground/Sol_metallic.uasset" 877
"../../../ProjectDwarf/Content/Meshes/Textures/Tex_Ground/Sol_roughness.uasset" 878
"../../../ProjectDwarf/Content/Meshes/Textures/Tex_Ground/GroundMat.uasset" 879
"../../../ProjectDwarf/Content/Meshes/Textures/Tex_Sand/Sand_basecolor.uasset" 880
"../../../ProjectDwarf/Content/Meshes/Textures/Tex_Sand/Sand_metallic.uasset" 881
"../../../ProjectDwarf/Content/Meshes/Textures/Tex_Sand/Sand_roughness_.uasset" 882
"../../../ProjectDwarf/Content/Meshes/Textures/Tex_Sand/SandMat.uasset" 883
"../../../Engine/Content/Functions/Engine_MaterialFunctions01/Gradient/LinearGradient.uasset" 884
"../../../Engine/Content/Functions/Engine_MaterialFunctions02/ValueStep.uasset" 885
"../../../ProjectDwarf/Content/Shader/Motion_4WayChaos.uasset" 886
"../../../ProjectDwarf/Content/StarterContent/Textures/T_Water_M.uasset" 887
"../../../ProjectDwarf/Content/Shader/Water02.uasset" 888
"../../../ProjectDwarf/Content/Shader/Water02_Inst.uasset" 889
"../../../Engine/Content/BasicShapes/Plane.uasset" 890
"../../../ProjectDwarf/Content/Meshes/Textures/Tex_StoneAssets/StoneAssets_lambert14SG_BaseColor.uasset" 891
"../../../ProjectDwarf/Content/Meshes/Textures/Tex_StoneAssets/StoneAssets_lambert14SG_Normal.uasset" 892
"../../../ProjectDwarf/Content/Meshes/Textures/Tex_StoneAssets/StoneAssets_lambert14SG_OcclusionRoughnessMetallic.uasset" 893
"../../../ProjectDwarf/Content/Meshes/Materials/Bridge.uasset" 894
"../../../ProjectDwarf/Content/Meshes/fbx_AssetsMap/Assets_Wall_Door_Bridge_StoneBridge.uasset" 895
"../../../ProjectDwarf/Content/Meshes/fbx_AssetsMap/Assets_Wall_Door_Bridge_Wall.uasset" 896
"../../../ProjectDwarf/Content/Meshes/fbx_AssetsMap/DeadTruncks/DeadTrunks_Dead_Trunc01.uasset" 897
"../../../ProjectDwarf/Content/Meshes/fbx_AssetsMap/DeadTruncks/DeadTrunks_Dead_Trunc02.uasset" 898
"../../../ProjectDwarf/Content/Meshes/fbx_AssetsMap/DeadTruncks/DeadTrunks_Dead_Trunc03.uasset" 899
"../../../ProjectDwarf/Content/Meshes/fbx_AssetsMap/DeadTruncks/DeadTrunks_Souche_02.uasset" 900
"../../../ProjectDwarf/Content/Meshes/fbx_AssetsMap/DeadTrunks/DeadTrunks_Dead_Trunc01.uasset" 901
"../../../ProjectDwarf/Content/Meshes/fbx_AssetsMap/DeadTrunks/DeadTrunks_Souche_01.uasset" 902
"../../../ProjectDwarf/Content/Meshes/fbx_AssetsMap/Flowers/Flower01.uasset" 903
"../../../ProjectDwarf/Content/Meshes/fbx_AssetsMap/Flowers/FlowerCenter.uasset" 904
"../../../ProjectDwarf/Content/Meshes/fbx_AssetsMap/Flowers/Assets_Flowers_GayFlower1.uasset" 905
"../../../ProjectDwarf/Content/Meshes/fbx_AssetsMap/Flowers/Flower02.uasset" 906
"../../../ProjectDwarf/Content/Meshes/fbx_AssetsMap/Flowers/Assets_Flowers_GayFlower2.uasset" 907
"../../../ProjectDwarf/Content/Meshes/fbx_AssetsMap/Flowers/Flower03.uasset" 908
"../../../ProjectDwarf/Content/Meshes/fbx_AssetsMap/Flowers/Assets_Flowers_GayFlower3.uasset" 909
"../../../ProjectDwarf/Content/Meshes/fbx_AssetsMap/MapMaya/Test_map_pCube113.uasset" 910
"../../../ProjectDwarf/Content/Meshes/fbx_AssetsMap/MapMaya/Test_map_pCube114.uasset" 911
"../../../ProjectDwarf/Content/Meshes/fbx_AssetsMap/MapMaya/Test_map_pCube115.uasset" 912
"../../../ProjectDwarf/Content/Meshes/fbx_AssetsMap/MapMaya/Test_map_polySurface130.uasset" 913
"../../../ProjectDwarf/Content/Meshes/fbx_AssetsMap/MapMaya/Test_map_polySurface33.uasset" 914
"../../../ProjectDwarf/Content/Meshes/fbx_AssetsMap/MapMaya/Test_map_polySurface83.uasset" 915
"../../../ProjectDwarf/Content/Meshes/fbx_AssetsMap/MapMaya/Test_map_pPlane10.uasset" 916
"../../../ProjectDwarf/Content/Meshes/fbx_AssetsMap/MapMaya/Test_map_pPlane5.uasset" 917
"../../../ProjectDwarf/Content/Meshes/fbx_AssetsMap/MapMaya/Test_map_pPlane9.uasset" 918
"../../../ProjectDwarf/Content/Meshes/Textures/Tex_Rocks/Rock_lambert4SG_BaseColor.uasset" 919
"../../../ProjectDwarf/Content/Meshes/Textures/Tex_Rocks/Rock_lambert4SG_Normal.uasset" 920
"../../../ProjectDwarf/Content/Meshes/Textures/Tex_Rocks/Rock_lambert4SG_OcclusionRoughnessMetallic.uasset" 921
"../../../ProjectDwarf/Content/Meshes/Materials/Mat_Rocks.uasset" 922
"../../../ProjectDwarf/Content/Meshes/fbx_Rock/Assets_Rock_Rock01.uasset" 923
"../../../ProjectDwarf/Content/Meshes/fbx_Rock/Assets_Rock_Rock02.uasset" 924
"../../../ProjectDwarf/Content/Meshes/fbx_Rock/Assets_Rock_Rock03.uasset" 925
"../../../ProjectDwarf/Content/Meshes/fbx_Rock/Assets_Rock_Rock04.uasset" 926
"../../../ProjectDwarf/Content/Meshes/fbx_Rock/Assets_Rock_Rock05.uasset" 927
"../../../ProjectDwarf/Content/Meshes/fbx_Rock/Assets_Rock_Rock06.uasset" 928
"../../../ProjectDwarf/Content/Meshes/fbx_Trees/Asset_tree_Tree02.uasset" 929
"../../../ProjectDwarf/Content/Meshes/fbx_Trees/Asset_tree_Tree03.uasset" 930
"../../../ProjectDwarf/Content/Meshes/fbx_Trees/Asset_tree_Tree04.uasset" 931
"../../../ProjectDwarf/Content/Meshes/fbx_Trees/Asset_tree_Tree05.uasset" 932
"../../../ProjectDwarf/Content/Meshes/fbx_Trees/Asset_tree_Tree06.uasset" 933
"../../../ProjectDwarf/Content/Meshes/fbx_Trees/Asset_tree_Tree07.uasset" 934
"../../../ProjectDwarf/Content/Sounds/dragon_roost_island.uasset" 935
"../../../ProjectDwarf/Content/Sounds/ocean_ambiance.uasset" 936
"../../../ProjectDwarf/Content/UI/controller0.uasset" 937
"../../../ProjectDwarf/Content/UI/Help_Widget.uasset" 938
"../../../ProjectDwarf/Content/Scenes/TestCam.umap" 939
"../../../ProjectDwarf/Content/StarterContent/Blueprints/Assets/FogBrightnessLUT.uasset" 940
"../../../ProjectDwarf/Content/StarterContent/Blueprints/Assets/SunlightColorLUT.uasset" 941
"../../../ProjectDwarf/Content/StarterContent/Blueprints/Assets/M_LightStage_Arrows.uasset" 942
"../../../Engine/Content/MapTemplates/Sky/DaylightAmbientCubemap.uasset" 943
"../../../ProjectDwarf/Content/StarterContent/Blueprints/Assets/M_LightStage_Skybox_Master.uasset" 944
"../../../ProjectDwarf/Content/StarterContent/Blueprints/Assets/M_LightStage_Skybox_Black.uasset" 945
"../../../ProjectDwarf/Content/StarterContent/Blueprints/Assets/M_LightStage_Skybox_HDRI.uasset" 946
"../../../Engine/Content/EditorMaterials/Thumbnails/SkySphereMaterial.uasset" 947
"../../../ProjectDwarf/Content/StarterContent/Blueprints/Assets/Skybox.uasset" 948
"../../../ProjectDwarf/Content/StarterContent/Blueprints/Assets/SM_Arrows.uasset" 949
"../../../ProjectDwarf/Content/StarterContent/HDRI/HDRI_Epic_Courtyard_Daylight.uasset" 950
"../../../ProjectDwarf/Content/StarterContent/Blueprints/BP_LightStudio.uasset" 951
"../../../ProjectDwarf/Content/StarterContent/Maps/Advanced_Lighting_BuiltData.uasset" 952
"../../../ProjectDwarf/Content/StarterContent/Materials/M_AssetPlatform.uasset" 953
"../../../Engine/Content/EditorMeshes/ColorCalibrator/M_ChromeBall.uasset" 954
"../../../Engine/Content/EditorMeshes/ColorCalibrator/M_ClearCoat.uasset" 955
"../../../Engine/Content/EditorMeshes/ColorCalibrator/M_ClearCoatBlack.uasset" 956
"../../../Engine/Content/EditorMeshes/ColorCalibrator/M_ColorGrid.uasset" 957
"../../../Engine/Content/EditorMeshes/ColorCalibrator/M_GreyBall.uasset" 958
"../../../Engine/Content/EditorMeshes/ColorCalibrator/SM_ColorCalibrator.uasset" 959
"../../../ProjectDwarf/Content/StarterContent/Architecture/SM_AssetPlatform.uasset" 960
"../../../ProjectDwarf/Content/StarterContent/Maps/Advanced_Lighting.umap" 961
"../../../ProjectDwarf/Content/StarterContent/Maps/Minimal_Default_BuiltData.uasset" 962
"../../../ProjectDwarf/Content/StarterContent/Textures/T_Metal_Copper_D.uasset" 963
"../../../ProjectDwarf/Content/StarterContent/Materials/M_Metal_Copper.uasset" 964
"../../../ProjectDwarf/Content/StarterContent/Textures/T_Statue_M.uasset" 965
"../../../ProjectDwarf/Content/StarterContent/Textures/T_Statue_N.uasset" 966
"../../../ProjectDwarf/Content/StarterContent/Props/Materials/M_StatueGlass.uasset" 967
"../../../ProjectDwarf/Content/StarterContent/Architecture/Floor_400x400.uasset" 968
"../../../ProjectDwarf/Content/StarterContent/Audio/Starter_Background_Cue.uasset" 969
"../../../ProjectDwarf/Content/StarterContent/Props/SM_Chair.uasset" 970
"../../../ProjectDwarf/Content/StarterContent/Props/Materials/M_Statue.uasset" 971
"../../../ProjectDwarf/Content/StarterContent/Props/SM_Statue.uasset" 972
"../../../ProjectDwarf/Content/StarterContent/Props/SM_TableRound.uasset" 973
"../../../ProjectDwarf/Content/StarterContent/Maps/Minimal_Default.umap" 974
"../../../ProjectDwarf/Content/StarterContent/Audio/Fire01_Cue.uasset" 975
"../../../ProjectDwarf/Content/StarterContent/Textures/T_Fire_SubUV.uasset" 976
"../../../ProjectDwarf/Content/StarterContent/Textures/T_Fire_Tiled_D.uasset" 977
"../../../ProjectDwarf/Content/StarterContent/Particles/Materials/M_Fire_SubUV.uasset" 978
"../../../ProjectDwarf/Content/StarterContent/Particles/Materials/M_Heat_Distortion.uasset" 979
"../../../ProjectDwarf/Content/StarterContent/Particles/P_Fire.uasset" 980
"../../../ProjectDwarf/Content/StarterContent/Blueprints/Blueprint_Effect_Fire.uasset" 981
"../../../ProjectDwarf/Content/StarterContent/Audio/Smoke01_Cue.uasset" 982
"../../../ProjectDwarf/Content/StarterContent/Particles/P_Smoke.uasset" 983
"../../../ProjectDwarf/Content/StarterContent/Blueprints/Blueprint_Effect_Smoke.uasset" 984
"../../../ProjectDwarf/Content/StarterContent/Audio/Fire_Sparks01_Cue.uasset" 985
"../../../ProjectDwarf/Content/StarterContent/Blueprints/Blueprint_Effect_Sparks.uasset" 986
"../../../ProjectDwarf/Content/StarterContent/Audio/Steam01_Cue.uasset" 987
"../../../ProjectDwarf/Content/StarterContent/Particles/P_Steam_Lit.uasset" 988
"../../../ProjectDwarf/Content/StarterContent/Blueprints/Blueprint_Effect_Steam.uasset" 989
"../../../ProjectDwarf/Content/StarterContent/Textures/T_Lamp_M.uasset" 990
"../../../ProjectDwarf/Content/StarterContent/Textures/T_Lamp_N.uasset" 991
"../../../ProjectDwarf/Content/StarterContent/Props/Materials/M_Lamp.uasset" 992
"../../../ProjectDwarf/Content/StarterContent/Props/SM_Lamp_Ceiling.uasset" 993
"../../../ProjectDwarf/Content/StarterContent/Blueprints/Blueprint_CeilingLight.uasset" 994
"../../../ProjectDwarf/Content/StarterContent/Props/SM_Lamp_Wall.uasset" 995
"../../../ProjectDwarf/Content/StarterContent/Blueprints/Blueprint_WallSconce.uasset" 996
"../../../ProjectDwarf/Content/StarterContent/Maps/StarterMap_BuiltData.uasset" 997
"../../../Engine/Content/Functions/Engine_MaterialFunctions03/Procedurals/ComputeFilterWidth.uasset" 998
"../../../Engine/Content/EngineMaterials/AntiAliasedTextMaterialTranslucent.uasset" 999
"../../../ProjectDwarf/Content/StarterContent/Textures/T_Brick_Clay_Beveled_D.uasset" 1000
"../../../ProjectDwarf/Content/StarterContent/Textures/T_Brick_Clay_Beveled_M.uasset" 1001
"../../../ProjectDwarf/Content/StarterContent/Textures/T_Brick_Clay_Beveled_N.uasset" 1002
"../../../ProjectDwarf/Content/StarterContent/Materials/M_Brick_Clay_Beveled.uasset" 1003
"../../../ProjectDwarf/Content/StarterContent/Textures/T_Brick_Clay_New_D.uasset" 1004
"../../../ProjectDwarf/Content/StarterContent/Textures/T_Brick_Clay_New_M.uasset" 1005
"../../../ProjectDwarf/Content/StarterContent/Textures/T_Brick_Clay_New_N.uasset" 1006
"../../../ProjectDwarf/Content/StarterContent/Materials/M_Brick_Clay_New.uasset" 1007
"../../../ProjectDwarf/Content/StarterContent/Textures/T_Brick_Clay_Old_D.uasset" 1008
"../../../ProjectDwarf/Content/StarterContent/Textures/T_Brick_Clay_Old_N.uasset" 1009
"../../../ProjectDwarf/Content/StarterContent/Materials/M_Brick_Clay_Old.uasset" 1010
"../../../ProjectDwarf/Content/StarterContent/Textures/T_Brick_Cut_Stone_D.uasset" 1011
"../../../ProjectDwarf/Content/StarterContent/Textures/T_Brick_Cut_Stone_N.uasset" 1012
"../../../ProjectDwarf/Content/StarterContent/Materials/M_Brick_Cut_Stone.uasset" 1013
"../../../ProjectDwarf/Content/StarterContent/Textures/T_Brick_Hewn_Stone_D.uasset" 1014
"../../../ProjectDwarf/Content/StarterContent/Textures/T_Brick_Hewn_Stone_M.uasset" 1015
"../../../ProjectDwarf/Content/StarterContent/Textures/T_Brick_Hewn_Stone_N.uasset" 1016
"../../../ProjectDwarf/Content/StarterContent/Materials/M_Brick_Hewn_Stone.uasset" 1017
"../../../ProjectDwarf/Content/StarterContent/Textures/T_Ceramic_Tile_M.uasset" 1018
"../../../ProjectDwarf/Content/StarterContent/Textures/T_Ceramic_Tile_N.uasset" 1019
"../../../ProjectDwarf/Content/StarterContent/Textures/T_Rock_Marble_Polished_D.uasset" 1020
"../../../ProjectDwarf/Content/StarterContent/Materials/M_Ceramic_Tile_Checker.uasset" 1021
"../../../ProjectDwarf/Content/StarterContent/Textures/T_CobbleStone_Pebble_D.uasset" 1022
"../../../ProjectDwarf/Content/StarterContent/Textures/T_CobbleStone_Pebble_M.uasset" 1023
"../../../ProjectDwarf/Content/StarterContent/Textures/T_CobbleStone_Pebble_N.uasset" 1024
"../../../ProjectDwarf/Content/StarterContent/Materials/M_CobbleStone_Pebble.uasset" 1025
"../../../ProjectDwarf/Content/StarterContent/Textures/T_CobbleStone_Rough_D.uasset" 1026
"../../../ProjectDwarf/Content/StarterContent/Textures/T_CobbleStone_Rough_N.uasset" 1027
"../../../ProjectDwarf/Content/StarterContent/Textures/T_Gradinet_01.uasset" 1028
"../../../ProjectDwarf/Content/StarterContent/Textures/T_Rock_Smooth_Granite_D.uasset" 1029
"../../../ProjectDwarf/Content/StarterContent/Materials/M_CobbleStone_Rough.uasset" 1030
"../../../ProjectDwarf/Content/StarterContent/Textures/T_CobbleStone_Smooth_D.uasset" 1031
"../../../ProjectDwarf/Content/StarterContent/Textures/T_CobbleStone_Smooth_M.uasset" 1032
"../../../ProjectDwarf/Content/StarterContent/Textures/T_CobbleStone_Smooth_N.uasset" 1033
"../../../ProjectDwarf/Content/StarterContent/Materials/M_CobbleStone_Smooth.uasset" 1034
"../../../ProjectDwarf/Content/StarterContent/Textures/T_Concrete_Grime_D.uasset" 1035
"../../../ProjectDwarf/Content/StarterContent/Textures/T_Metal_Rust_N.uasset" 1036
"../../../ProjectDwarf/Content/StarterContent/Materials/M_Concrete_Grime.uasset" 1037
"../../../ProjectDwarf/Content/StarterContent/Textures/T_Concrete_Panels_D.uasset" 1038
"../../../ProjectDwarf/Content/StarterContent/Textures/T_Concrete_Panels_N.uasset" 1039
"../../../ProjectDwarf/Content/StarterContent/Materials/M_Concrete_Panels.uasset" 1040
"../../../ProjectDwarf/Content/StarterContent/Textures/T_Concrete_Poured_D.uasset" 1041
"../../../ProjectDwarf/Content/StarterContent/Textures/T_Concrete_Poured_N.uasset" 1042
"../../../ProjectDwarf/Content/StarterContent/Materials/M_Concrete_Poured.uasset" 1043
"../../../ProjectDwarf/Content/StarterContent/Textures/T_Concrete_Tiles_D.uasset" 1044
"../../../ProjectDwarf/Content/StarterContent/Textures/T_Concrete_Tiles_M.uasset" 1045
"../../../ProjectDwarf/Content/StarterContent/Textures/T_Concrete_Tiles_N.uasset" 1046
"../../../ProjectDwarf/Content/StarterContent/Textures/T_Concrete_Tiles_Variation_M.uasset" 1047
"../../../ProjectDwarf/Content/StarterContent/Materials/M_Concrete_Tiles.uasset" 1048
"../../../ProjectDwarf/Content/StarterContent/Textures/T_Ground_Gravel_D.uasset" 1049
"../../../ProjectDwarf/Content/StarterContent/Textures/T_Ground_Gravel_N.uasset" 1050
"../../../ProjectDwarf/Content/StarterContent/Materials/M_Ground_Gravel.uasset" 1051
"../../../ProjectDwarf/Content/StarterContent/Textures/T_ground_Moss_D.uasset" 1052
"../../../ProjectDwarf/Content/StarterContent/Textures/T_Ground_Moss_N.uasset" 1053
"../../../ProjectDwarf/Content/StarterContent/Materials/M_Ground_Moss.uasset" 1054
"../../../ProjectDwarf/Content/StarterContent/Materials/M_Metal_Chrome.uasset" 1055
"../../../ProjectDwarf/Content/StarterContent/Textures/T_Metal_Gold_D.uasset" 1056
"../../../ProjectDwarf/Content/StarterContent/Materials/M_Metal_Gold.uasset" 1057
"../../../ProjectDwarf/Content/StarterContent/Textures/T_Metal_Rust_D.uasset" 1058
"../../../ProjectDwarf/Content/StarterContent/Materials/M_Metal_Rust.uasset" 1059
"../../../ProjectDwarf/Content/StarterContent/Textures/T_Metal_Steel_D.uasset" 1060
"../../../ProjectDwarf/Content/StarterContent/Textures/T_Metal_Steel_N.uasset" 1061
"../../../ProjectDwarf/Content/StarterContent/Materials/M_Metal_Steel.uasset" 1062
"../../../ProjectDwarf/Content/StarterContent/Textures/T_Rock_Basalt_N.uasset" 1063
"../../../ProjectDwarf/Content/StarterContent/Materials/M_Rock_Basalt.uasset" 1064
"../../../ProjectDwarf/Content/StarterContent/Materials/M_Rock_Marble_Polished.uasset" 1065
"../../../ProjectDwarf/Content/StarterContent/Textures/T_Rock_Sandstone_D.uasset" 1066
"../../../ProjectDwarf/Content/StarterContent/Textures/T_Rock_Sandstone_N.uasset" 1067
"../../../ProjectDwarf/Content/StarterContent/Materials/M_Rock_Sandstone.uasset" 1068
"../../../ProjectDwarf/Content/StarterContent/Textures/T_Checker_Noise_M.uasset" 1069
"../../../ProjectDwarf/Content/StarterContent/Textures/T_Single_Tile_N.uasset" 1070
"../../../ProjectDwarf/Content/StarterContent/Textures/T_Tech_Dot_M.uasset" 1071
"../../../ProjectDwarf/Content/StarterContent/Textures/T_Tech_Dot_N.uasset" 1072
"../../../ProjectDwarf/Content/StarterContent/Materials/M_Tech_Checker_Dot.uasset" 1073
"../../../ProjectDwarf/Content/StarterContent/Materials/M_Tech_Hex_Tile_Pulse.uasset" 1074
"../../../ProjectDwarf/Content/StarterContent/Textures/T_Tech_Panel_M.uasset" 1075
"../../../ProjectDwarf/Content/StarterContent/Textures/T_Tech_Panel_N.uasset" 1076
"../../../ProjectDwarf/Content/StarterContent/Materials/M_Tech_Panel.uasset" 1077
"../../../ProjectDwarf/Content/StarterContent/Materials/M_Water_Lake.uasset" 1078
"../../../ProjectDwarf/Content/StarterContent/Materials/M_Water_Ocean.uasset" 1079
"../../../ProjectDwarf/Content/StarterContent/Textures/T_Wood_Floor_Walnut_D.uasset" 1080
"../../../ProjectDwarf/Content/StarterContent/Textures/T_Wood_Floor_Walnut_M.uasset" 1081
"../../../ProjectDwarf/Content/StarterContent/Textures/T_Wood_Floor_Walnut_N.uasset" 1082
"../../../ProjectDwarf/Content/StarterContent/Materials/M_Wood_Floor_Walnut_Polished.uasset" 1083
"../../../Engine/Content/Functions/Engine_MaterialFunctions01/Opacity/AlphaOffset.uasset" 1084
"../../../ProjectDwarf/Content/StarterContent/Materials/M_Wood_Floor_Walnut_Worn.uasset" 1085
"../../../ProjectDwarf/Content/StarterContent/Textures/T_Wood_Oak_D.uasset" 1086
"../../../ProjectDwarf/Content/StarterContent/Textures/T_Wood_Oak_N.uasset" 1087
"../../../ProjectDwarf/Content/StarterContent/Materials/M_Wood_Oak.uasset" 1088
"../../../ProjectDwarf/Content/StarterContent/Textures/T_Wood_Walnut_D.uasset" 1089
"../../../ProjectDwarf/Content/StarterContent/Textures/T_Wood_Walnut_N.uasset" 1090
"../../../ProjectDwarf/Content/StarterContent/Materials/M_Wood_Walnut.uasset" 1091
"../../../ProjectDwarf/Content/StarterContent/Architecture/Wall_400x200.uasset" 1092
"../../../ProjectDwarf/Content/StarterContent/Architecture/Wall_Door_400x300.uasset" 1093
"../../../ProjectDwarf/Content/StarterContent/Architecture/Wall_Window_400x300.uasset" 1094
"../../../ProjectDwarf/Content/StarterContent/Audio/Collapse_Cue.uasset" 1095
"../../../ProjectDwarf/Content/StarterContent/Audio/Starter_Music_Cue.uasset" 1096
"../../../ProjectDwarf/Content/StarterContent/Textures/T_Dust_Particle_D.uasset" 1097
"../../../ProjectDwarf/Content/StarterContent/Particles/Materials/M_Dust_Particle.uasset" 1098
"../../../ProjectDwarf/Content/StarterContent/Particles/P_Ambient_Dust.uasset" 1099
"../../../ProjectDwarf/Content/StarterContent/Props/MaterialSphere.uasset" 1100
"../../../ProjectDwarf/Content/StarterContent/Textures/T_Frame_M.uasset" 1101
"../../../ProjectDwarf/Content/StarterContent/Textures/T_Frame_N.uasset" 1102
"../../../ProjectDwarf/Content/StarterContent/Props/Materials/M_Frame.uasset" 1103
"../../../ProjectDwarf/Content/StarterContent/Props/SM_CornerFrame.uasset" 1104
"../../../ProjectDwarf/Content/StarterContent/Props/SM_DoorFrame.uasset" 1105
"../../../ProjectDwarf/Content/StarterContent/Props/SM_GlassWindow.uasset" 1106
"../../../ProjectDwarf/Content/StarterContent/Props/SM_PillarFrame.uasset" 1107
"../../../ProjectDwarf/Content/StarterContent/Props/SM_PillarFrame300.uasset" 1108
"../../../ProjectDwarf/Content/StarterContent/Props/SM_WindowFrame.uasset" 1109
"../../../ProjectDwarf/Content/StarterContent/Shapes/Shape_QuadPyramid.uasset" 1110
"../../../ProjectDwarf/Content/StarterContent/Maps/StarterMap.umap" 1111
"../../../Engine/Content/Maps/Entry.umap" 1112
